TN:
SF:contracts/JB721GlobalGovernance.sol
FN:32,JB721GlobalGovernance._getVotingUnits
FNDA:1142,JB721GlobalGovernance._getVotingUnits
DA:39,1142
FN:51,JB721GlobalGovernance._afterTokenTransferAccounting
FNDA:768,JB721GlobalGovernance._afterTokenTransferAccounting
DA:58,768
BRDA:58,0,0,768
BRDA:58,0,1,768
DA:60,768
FNF:2
FNH:2
LF:3
LH:3
BRF:2
BRH:2
end_of_record
TN:
SF:contracts/JB721TieredGovernance.sol
FN:75,JB721TieredGovernance.getTierDelegate
FNDA:256,JB721TieredGovernance.getTierDelegate
DA:81,256
FN:91,JB721TieredGovernance.getTierVotes
FNDA:1536,JB721TieredGovernance.getTierVotes
DA:92,1536
FN:103,JB721TieredGovernance.getPastTierVotes
FNDA:0,JB721TieredGovernance.getPastTierVotes
DA:108,0
FN:117,JB721TieredGovernance.getTierTotalVotes
FNDA:0,JB721TieredGovernance.getTierTotalVotes
DA:118,0
FN:128,JB721TieredGovernance.getPastTierTotalVotes
FNDA:0,JB721TieredGovernance.getPastTierTotalVotes
DA:134,0
FN:147,JB721TieredGovernance.setTierDelegates
FNDA:0,JB721TieredGovernance.setTierDelegates
DA:153,0
DA:156,0
DA:158,0
DA:160,0
DA:163,0
BRDA:163,0,0,-
BRDA:163,0,1,-
DA:165,0
DA:168,0
FN:180,JB721TieredGovernance.setTierDelegate
FNDA:1133,JB721TieredGovernance.setTierDelegate
DA:181,1133
FN:197,JB721TieredGovernance._getTierVotingUnits
FNDA:1133,JB721TieredGovernance._getTierVotingUnits
DA:203,1133
FN:214,JB721TieredGovernance._delegateTier
FNDA:1133,JB721TieredGovernance._delegateTier
DA:220,1133
DA:223,1133
DA:225,1133
DA:228,1133
FN:245,JB721TieredGovernance._transferTierVotingUnits
FNDA:768,JB721TieredGovernance._transferTierVotingUnits
DA:252,768
BRDA:252,1,0,512
BRDA:252,1,1,768
DA:255,768
BRDA:255,2,0,-
BRDA:255,2,1,768
DA:258,768
FN:275,JB721TieredGovernance._moveTierDelegateVotes
FNDA:1901,JB721TieredGovernance._moveTierDelegateVotes
DA:282,1901
BRDA:282,3,0,1158
BRDA:282,3,1,1901
DA:285,1158
BRDA:285,4,0,646
BRDA:285,4,1,1158
DA:286,646
DA:290,646
DA:294,1158
BRDA:294,5,0,1011
BRDA:294,5,1,1158
DA:295,1011
DA:299,1011
FN:312,JB721TieredGovernance._afterTokenTransferAccounting
FNDA:768,JB721TieredGovernance._afterTokenTransferAccounting
DA:319,768
BRDA:319,6,0,768
BRDA:319,6,1,768
DA:321,768
FN:325,JB721TieredGovernance._add
FNDA:1523,JB721TieredGovernance._add
DA:326,1523
FN:329,JB721TieredGovernance._subtract
FNDA:646,JB721TieredGovernance._subtract
DA:330,646
FNF:14
FNH:10
LF:32
LH:22
BRF:14
BRH:11
end_of_record
TN:
SF:contracts/JBTiered721Delegate.sol
FN:106,JBTiered721Delegate.firstOwnerOf
FNDA:2334,JBTiered721Delegate.firstOwnerOf
DA:108,2334
DA:111,2334
BRDA:111,0,0,1039
BRDA:111,0,1,1295
DA:114,1295
FN:129,JBTiered721Delegate.balanceOf
FNDA:6257,JBTiered721Delegate.balanceOf
DA:130,6257
FN:144,JBTiered721Delegate.tokenURI
FNDA:2817,JBTiered721Delegate.tokenURI
DA:146,2817
DA:149,2817
BRDA:149,1,0,-
BRDA:149,1,1,256
DA:152,2561
FN:165,JBTiered721Delegate.contractURI
FNDA:256,JBTiered721Delegate.contractURI
DA:166,256
FN:177,JBTiered721Delegate.redemptionWeightOf
FNDA:0,JBTiered721Delegate.redemptionWeightOf
DA:184,774
FN:193,JBTiered721Delegate.totalRedemptionWeight
FNDA:0,JBTiered721Delegate.totalRedemptionWeight
DA:200,774
FN:212,JBTiered721Delegate.supportsInterface
FNDA:0,JBTiered721Delegate.supportsInterface
DA:218,0
FN:244,JBTiered721Delegate.initialize
FNDA:5135,JBTiered721Delegate.initialize
DA:258,5135
BRDA:258,2,0,-
BRDA:258,2,1,5135
DA:261,5135
BRDA:261,3,0,-
BRDA:261,3,1,5135
DA:264,5135
DA:266,5135
DA:267,5135
DA:268,5135
DA:269,5135
DA:270,5135
DA:273,5135
BRDA:273,4,0,-
BRDA:273,4,1,5135
DA:276,5135
BRDA:276,5,0,-
BRDA:276,5,1,5135
DA:279,5135
BRDA:279,6,0,-
BRDA:279,6,1,1795
DA:280,1795
DA:283,5135
BRDA:283,7,0,256
BRDA:283,7,1,4636
DA:287,4879
BRDA:286,8,0,-
BRDA:286,8,1,4879
DA:291,4879
DA:294,4879
FN:307,JBTiered721Delegate.mintReservesFor
FNDA:1,JBTiered721Delegate.mintReservesFor
DA:312,1
DA:314,1
DA:316,3
DA:319,3
DA:322,3
FN:333,JBTiered721Delegate.mintFor
FNDA:1,JBTiered721Delegate.mintFor
DA:339,1
DA:341,1
DA:343,2
DA:346,2
DA:349,2
FN:364,JBTiered721Delegate.adjustTiers
FNDA:3074,JBTiered721Delegate.adjustTiers
DA:370,3074
DA:373,3074
DA:376,3074
BRDA:376,9,0,-
BRDA:376,9,1,1470
DA:378,1282
DA:381,1026
DA:382,1470
DA:384,1470
DA:390,2818
BRDA:390,10,0,-
BRDA:390,10,1,5965
DA:392,1793
DA:395,769
DA:396,5965
DA:398,5965
FN:413,JBTiered721Delegate.setDefaultReservedTokenBeneficiary
FNDA:512,JBTiered721Delegate.setDefaultReservedTokenBeneficiary
DA:415,256
DA:417,256
FN:429,JBTiered721Delegate.setBaseUri
FNDA:0,JBTiered721Delegate.setBaseUri
DA:431,0
DA:433,0
FN:445,JBTiered721Delegate.setContractUri
FNDA:0,JBTiered721Delegate.setContractUri
DA:447,0
DA:449,0
FN:461,JBTiered721Delegate.setTokenUriResolver
FNDA:0,JBTiered721Delegate.setTokenUriResolver
DA:463,0
DA:465,0
FN:478,JBTiered721Delegate.setEncodedIPFSUriOf
FNDA:1,JBTiered721Delegate.setEncodedIPFSUriOf
DA:484,1
DA:486,1
FN:500,JBTiered721Delegate.mintReservesFor
FNDA:25,JBTiered721Delegate.mintReservesFor
DA:502,28
DA:506,28
BRDA:505,11,0,3
BRDA:505,11,1,25
DA:509,3
DA:512,25
DA:515,9
DA:518,9
DA:520,9
DA:522,3
DA:525,3
DA:527,3
DA:530,3
FN:544,JBTiered721Delegate.mintFor
FNDA:2,JBTiered721Delegate.mintFor
DA:551,4
DA:558,3
DA:561,3
DA:563,3
DA:565,18
DA:568,18
DA:570,18
DA:573,18
FN:588,JBTiered721Delegate._processPayment
FNDA:7129,JBTiered721Delegate._processPayment
DA:590,7129
DA:591,7129
BRDA:591,12,0,7128
BRDA:591,12,1,1
DA:592,1
BRDA:592,13,0,-
BRDA:592,13,1,1
DA:593,1
DA:598,0
DA:601,7129
DA:604,7129
DA:608,7129
DA:609,7129
BRDA:609,14,0,4554
BRDA:609,14,1,2575
DA:611,4554
DA:613,2575
DA:616,7129
DA:622,7129
BRDA:621,15,0,5591
BRDA:621,15,1,6613
DA:626,6872
DA:629,6872
DA:635,6872
BRDA:635,16,0,90
BRDA:635,16,1,6872
DA:636,90
DA:639,6872
BRDA:639,17,0,5591
BRDA:639,17,1,6613
DA:640,5591
DA:644,6870
BRDA:644,18,0,92
BRDA:644,18,1,2638
DA:646,2730
BRDA:646,19,0,92
BRDA:646,19,1,2638
DA:650,2638
DA:653,4140
BRDA:653,20,0,1
BRDA:653,20,1,4140
FN:662,JBTiered721Delegate._didBurn
FNDA:1028,JBTiered721Delegate._didBurn
DA:664,1028
FN:677,JBTiered721Delegate._mintAll
FNDA:5591,JBTiered721Delegate._mintAll
DA:683,5591
DA:686,5591
DA:693,5332
DA:696,5332
DA:699,5332
DA:701,5385
DA:704,5385
DA:706,5385
DA:709,5385
FN:722,JBTiered721Delegate._beforeTokenTransfer
FNDA:10905,JBTiered721Delegate._beforeTokenTransfer
DA:728,10905
BRDA:728,21,0,-
BRDA:728,21,1,4730
DA:730,5499
DA:733,5499
BRDA:733,22,0,1
BRDA:733,22,1,-
DA:735,1
DA:738,1
BRDA:737,23,0,1
BRDA:737,23,1,-
DA:742,1
DA:746,5498
BRDA:746,24,0,-
BRDA:746,24,1,4730
DA:747,4730
DA:750,10904
FN:761,JBTiered721Delegate._afterTokenTransfer
FNDA:10904,JBTiered721Delegate._afterTokenTransfer
DA:767,10904
DA:770,10904
DA:773,10904
DA:775,10904
FN:787,JBTiered721Delegate._afterTokenTransferAccounting
FNDA:9368,JBTiered721Delegate._afterTokenTransferAccounting
FN:809,JBTiered721Delegate.royaltyInfo
FNDA:0,JBTiered721Delegate.royaltyInfo
DA:816,0
DA:819,0
DA:822,0
BRDA:822,25,0,-
BRDA:822,25,1,-
DA:825,0
FNF:25
FNH:18
LF:128
LH:116
BRF:52
BRH:36
end_of_record
TN:
SF:contracts/JBTiered721DelegateDeployer.sol
FN:71,JBTiered721DelegateDeployer.deployDelegateFor
FNDA:3597,JBTiered721DelegateDeployer.deployDelegateFor
DA:76,3597
BRDA:76,0,0,2573
BRDA:76,0,1,1024
DA:77,2573
DA:78,1024
BRDA:78,1,0,512
BRDA:78,1,1,512
DA:79,512
DA:80,512
BRDA:80,2,0,512
BRDA:80,2,1,-
DA:81,512
DA:82,0
DA:84,3597
DA:99,3597
BRDA:99,3,0,-
BRDA:99,3,1,3597
DA:100,3597
DA:102,3597
DA:104,0
FNF:1
FNH:1
LF:12
LH:10
BRF:8
BRH:6
end_of_record
TN:
SF:contracts/JBTiered721DelegateProjectDeployer.sol
FN:71,JBTiered721DelegateProjectDeployer.launchProjectFor
FNDA:3597,JBTiered721DelegateProjectDeployer.launchProjectFor
DA:77,3597
DA:80,3597
DA:86,3597
FN:102,JBTiered721DelegateProjectDeployer.launchFundingCyclesFor
FNDA:0,JBTiered721DelegateProjectDeployer.launchFundingCyclesFor
DA:117,0
DA:123,0
FN:139,JBTiered721DelegateProjectDeployer.reconfigureFundingCyclesOf
FNDA:0,JBTiered721DelegateProjectDeployer.reconfigureFundingCyclesOf
DA:154,0
DA:160,0
FN:175,JBTiered721DelegateProjectDeployer._launchProjectFor
FNDA:3597,JBTiered721DelegateProjectDeployer._launchProjectFor
DA:180,3597
FN:224,JBTiered721DelegateProjectDeployer._launchFundingCyclesFor
FNDA:0,JBTiered721DelegateProjectDeployer._launchFundingCyclesFor
DA:229,0
FN:273,JBTiered721DelegateProjectDeployer._reconfigureFundingCyclesOf
FNDA:0,JBTiered721DelegateProjectDeployer._reconfigureFundingCyclesOf
DA:278,0
FNF:6
FNH:2
LF:10
LH:4
BRF:0
BRH:0
end_of_record
TN:
SF:contracts/JBTiered721DelegateStore.sol
FN:258,JBTiered721DelegateStore.tiers
FNDA:3076,JBTiered721DelegateStore.tiers
DA:265,3076
DA:268,3076
DA:271,3076
DA:274,3076
DA:279,3076
DA:282,3076
DA:285,24114
DA:287,21038
BRDA:287,0,0,-
BRDA:287,0,1,21038
DA:288,0
DA:290,21038
BRDA:290,1,0,-
BRDA:290,1,1,-
DA:291,18737
DA:294,18737
DA:297,18737
BRDA:297,2,0,-
BRDA:297,2,1,18737
DA:299,18737
DA:317,0
BRDA:317,3,0,-
BRDA:317,3,1,-
DA:321,21038
DA:325,3076
BRDA:325,4,0,1207
BRDA:325,4,1,3076
FN:340,JBTiered721DelegateStore.tier
FNDA:1024,JBTiered721DelegateStore.tier
DA:342,1024
DA:345,1024
DA:347,1024
FN:376,JBTiered721DelegateStore.tierOfTokenId
FNDA:16659,JBTiered721DelegateStore.tierOfTokenId
DA:383,16659
DA:386,16659
DA:389,16659
DA:391,16659
FN:419,JBTiered721DelegateStore.totalSupply
FNDA:1750,JBTiered721DelegateStore.totalSupply
DA:421,1750
DA:424,1750
DA:426,1750
DA:428,16062
DA:431,16062
DA:434,16062
FN:448,JBTiered721DelegateStore.numberOfReservedTokensOutstandingFor
FNDA:825,JBTiered721DelegateStore.numberOfReservedTokensOutstandingFor
DA:454,825
FN:466,JBTiered721DelegateStore.votingUnitsOf
FNDA:1399,JBTiered721DelegateStore.votingUnitsOf
DA:474,1399
DA:477,1399
DA:480,1399
DA:482,12665
DA:484,12665
BRDA:484,5,0,1638
BRDA:484,5,1,12665
DA:486,1638
DA:489,12665
FN:504,JBTiered721DelegateStore.tierVotingUnitsOf
FNDA:1133,JBTiered721DelegateStore.tierVotingUnitsOf
DA:510,1133
DA:512,1133
BRDA:512,6,0,743
BRDA:512,6,1,390
DA:515,390
FN:527,JBTiered721DelegateStore.encodedTierIPFSUriOf
FNDA:2561,JBTiered721DelegateStore.encodedTierIPFSUriOf
DA:533,2561
FN:544,JBTiered721DelegateStore.flagsOf
FNDA:3960,JBTiered721DelegateStore.flagsOf
DA:545,3960
FN:557,JBTiered721DelegateStore.isTierRemoved
FNDA:0,JBTiered721DelegateStore.isTierRemoved
DA:558,0
DA:560,0
FN:576,JBTiered721DelegateStore.balanceOf
FNDA:6257,JBTiered721DelegateStore.balanceOf
DA:578,6257
DA:581,6257
DA:583,61104
DA:586,61104
FN:600,JBTiered721DelegateStore.redemptionWeightOf
FNDA:1030,JBTiered721DelegateStore.redemptionWeightOf
DA:607,1030
DA:610,1030
DA:611,12082
DA:614,12082
FN:627,JBTiered721DelegateStore.totalRedemptionWeight
FNDA:1030,JBTiered721DelegateStore.totalRedemptionWeight
DA:629,1030
DA:632,1030
DA:635,1030
DA:638,8915
DA:642,8915
DA:648,8915
FN:664,JBTiered721DelegateStore.tierIdOfToken
FNDA:0,JBTiered721DelegateStore.tierIdOfToken
DA:665,34736
FN:677,JBTiered721DelegateStore.reservedTokenBeneficiaryOf
FNDA:9,JBTiered721DelegateStore.reservedTokenBeneficiaryOf
DA:684,39441
DA:687,39441
BRDA:687,7,0,39009
BRDA:687,7,1,432
DA:688,39009
DA:691,432
FN:703,JBTiered721DelegateStore.royaltyBeneficiaryOf
FNDA:0,JBTiered721DelegateStore.royaltyBeneficiaryOf
DA:710,38564
DA:713,38564
BRDA:713,8,0,-
BRDA:713,8,1,38564
DA:716,38564
FN:731,JBTiered721DelegateStore.recordAddTiers
FNDA:11835,JBTiered721DelegateStore.recordAddTiers
DA:737,11835
DA:740,11835
DA:743,11835
BRDA:743,9,0,-
BRDA:743,9,1,11835
DA:746,11835
DA:749,11835
DA:753,11835
DA:756,11835
DA:759,11835
DA:762,11835
DA:764,11835
DA:766,111705
DA:769,111705
BRDA:769,10,0,-
BRDA:769,10,1,111705
DA:772,111705
BRDA:772,11,0,256
BRDA:772,11,1,99614
DA:774,99870
DA:777,99870
BRDA:777,12,0,256
BRDA:777,12,1,99614
DA:778,256
DA:782,111449
BRDA:782,13,0,256
BRDA:782,13,1,111193
DA:783,256
DA:787,111193
BRDA:786,14,0,256
BRDA:786,14,1,110937
DA:790,256
DA:793,110937
BRDA:793,15,0,-
BRDA:793,15,1,110937
DA:794,0
DA:797,110937
BRDA:797,16,0,512
BRDA:797,16,1,110425
DA:800,110425
BRDA:800,17,0,-
BRDA:800,17,1,110425
DA:801,0
DA:804,110425
DA:807,110425
DA:823,110425
BRDA:823,18,0,12969
BRDA:823,18,1,110425
DA:824,12969
DA:827,110425
BRDA:827,19,0,1
BRDA:827,19,1,10
DA:828,110415
BRDA:828,20,0,1
BRDA:828,20,1,10
DA:829,10
BRDA:829,21,0,1
BRDA:829,21,1,10
DA:830,1
DA:831,110405
DA:834,110425
BRDA:834,22,0,9361
BRDA:834,22,1,77090
DA:835,77090
BRDA:835,23,0,9361
BRDA:835,23,1,77090
DA:836,77090
BRDA:836,24,0,9361
BRDA:836,24,1,77090
DA:837,9361
DA:838,0
DA:841,110425
BRDA:841,25,0,110425
BRDA:841,25,1,110425
DA:842,110425
DA:844,110425
BRDA:844,26,0,-
BRDA:844,26,1,25366
DA:846,25882
DA:849,25882
DA:854,25882
DA:856,54394
DA:858,28512
BRDA:858,27,0,-
BRDA:858,27,1,28512
DA:859,0
DA:862,28512
DA:865,28512
BRDA:865,28,0,516
BRDA:865,28,1,-
DA:867,516
BRDA:867,29,0,516
BRDA:867,29,1,516
DA:868,516
DA:872,516
BRDA:871,30,0,31
BRDA:871,30,1,516
DA:874,31
DA:877,516
BRDA:877,31,0,516
BRDA:877,31,1,-
DA:879,516
DA:882,516
DA:885,516
DA:888,516
DA:891,27996
BRDA:891,32,0,-
BRDA:891,32,1,25366
DA:892,25366
BRDA:892,33,0,158
BRDA:892,33,1,25366
DA:893,158
DA:896,25366
DA:899,25366
DA:902,25366
BRDA:902,34,0,-
BRDA:902,34,1,25366
DA:907,2630
DA:910,2630
DA:916,110425
DA:919,110425
DA:923,10555
FN:938,JBTiered721DelegateStore.recordMintReservesFor
FNDA:25,JBTiered721DelegateStore.recordMintReservesFor
DA:944,25
DA:947,25
DA:954,25
BRDA:954,35,0,16
BRDA:954,35,1,9
DA:957,9
DA:960,9
DA:963,9
DA:965,9
DA:967,3
DA:973,3
FN:984,JBTiered721DelegateStore.recordSetDefaultReservedTokenBeneficiary
FNDA:256,JBTiered721DelegateStore.recordSetDefaultReservedTokenBeneficiary
DA:985,256
FN:996,JBTiered721DelegateStore.recordTransferForTier
FNDA:10904,JBTiered721DelegateStore.recordTransferForTier
DA:1002,10904
BRDA:1002,36,0,5498
BRDA:1002,36,1,10904
DA:1004,5498
DA:1007,10904
BRDA:1007,37,0,7470
BRDA:1007,37,1,10904
DA:1010,7470
FN:1021,JBTiered721DelegateStore.recordRemoveTierIds
FNDA:1282,JBTiered721DelegateStore.recordRemoveTierIds
DA:1023,1282
DA:1026,1282
DA:1028,1282
DA:1030,1726
DA:1033,1726
BRDA:1033,38,0,256
BRDA:1033,38,1,1470
DA:1036,1470
DA:1039,1470
FN:1055,JBTiered721DelegateStore.recordMint
FNDA:5595,JBTiered721DelegateStore.recordMint
DA:1061,5595
DA:1064,5595
DA:1067,5595
DA:1070,5595
DA:1073,5595
DA:1076,5595
DA:1078,5595
DA:1080,5667
DA:1083,5667
BRDA:1083,39,0,-
BRDA:1083,39,1,5667
DA:1084,0
DA:1087,5667
BRDA:1087,40,0,1
BRDA:1087,40,1,5666
DA:1090,5666
DA:1093,5666
BRDA:1093,41,0,1
BRDA:1093,41,1,5665
DA:1096,5665
BRDA:1096,42,0,256
BRDA:1096,42,1,5409
DA:1099,5409
BRDA:1099,43,0,1
BRDA:1099,43,1,5408
DA:1103,5408
BRDA:1102,44,0,1
BRDA:1102,44,1,5407
DA:1106,1
DA:1111,5407
DA:1120,5407
DA:1123,5407
FN:1134,JBTiered721DelegateStore.recordBurn
FNDA:1028,JBTiered721DelegateStore.recordBurn
DA:1136,1028
DA:1139,1028
DA:1142,1028
DA:1144,3434
DA:1146,3434
DA:1149,3434
DA:1151,3434
DA:1154,3434
FN:1166,JBTiered721DelegateStore.recordSetFirstOwnerOf
FNDA:4730,JBTiered721DelegateStore.recordSetFirstOwnerOf
DA:1167,4730
FN:1176,JBTiered721DelegateStore.recordSetBaseUri
FNDA:10530,JBTiered721DelegateStore.recordSetBaseUri
DA:1177,10530
FN:1186,JBTiered721DelegateStore.recordSetContractUri
FNDA:10530,JBTiered721DelegateStore.recordSetContractUri
DA:1187,10530
FN:1196,JBTiered721DelegateStore.recordSetTokenUriResolver
FNDA:6933,JBTiered721DelegateStore.recordSetTokenUriResolver
DA:1197,6933
FN:1207,JBTiered721DelegateStore.recordSetEncodedIPFSUriOf
FNDA:1,JBTiered721DelegateStore.recordSetEncodedIPFSUriOf
DA:1208,1
FN:1217,JBTiered721DelegateStore.recordFlags
FNDA:10274,JBTiered721DelegateStore.recordFlags
DA:1218,10274
FN:1227,JBTiered721DelegateStore.cleanTiers
FNDA:256,JBTiered721DelegateStore.cleanTiers
DA:1229,256
DA:1232,256
DA:1235,256
DA:1238,256
DA:1241,1552
DA:1243,1296
BRDA:1243,45,0,-
BRDA:1243,45,1,1296
DA:1244,0
DA:1246,1296
BRDA:1246,46,0,-
BRDA:1246,46,1,529
DA:1248,848
BRDA:1248,47,0,319
BRDA:1248,47,1,319
DA:1249,319
BRDA:1249,48,0,319
BRDA:1249,48,1,319
DA:1250,319
DA:1252,529
BRDA:1252,49,0,-
BRDA:1252,49,1,529
DA:1255,848
DA:1258,1296
DA:1261,256
FN:1278,JBTiered721DelegateStore._numberOfReservedTokensOutstandingFor
FNDA:15173,JBTiered721DelegateStore._numberOfReservedTokensOutstandingFor
DA:1285,15173
BRDA:1284,50,0,14315
BRDA:1284,50,1,858
DA:1286,14315
DA:1289,858
DA:1292,858
BRDA:1292,51,0,-
BRDA:1292,51,1,858
DA:1293,0
DA:1296,858
DA:1301,858
DA:1304,858
BRDA:1304,52,0,858
BRDA:1304,52,1,858
DA:1307,858
BRDA:1307,53,0,-
BRDA:1307,53,1,858
DA:1310,858
FN:1322,JBTiered721DelegateStore._generateTokenId
FNDA:5410,JBTiered721DelegateStore._generateTokenId
DA:1323,5410
FN:1336,JBTiered721DelegateStore._nextSortedTierIdOf
FNDA:52990,JBTiered721DelegateStore._nextSortedTierIdOf
DA:1342,52990
BRDA:1342,54,0,4615
BRDA:1342,54,1,48375
DA:1344,48375
DA:1345,48375
BRDA:1345,55,0,1335
BRDA:1345,55,1,47040
DA:1347,47040
FN:1359,JBTiered721DelegateStore._firstSortedTierIdOf
FNDA:5233,JBTiered721DelegateStore._firstSortedTierIdOf
DA:1364,5233
DA:1366,5233
BRDA:1366,56,0,4803
BRDA:1366,56,1,5233
FN:1377,JBTiered721DelegateStore._lastSortedTierIdOf
FNDA:15167,JBTiered721DelegateStore._lastSortedTierIdOf
DA:1378,15167
DA:1380,15167
BRDA:1380,57,0,15136
BRDA:1380,57,1,15167
FNF:35
FNH:32
LF:226
LH:215
BRF:116
BRH:93
end_of_record
TN:
SF:contracts/abstract/ERC721.sol
FN:53,ERC721._initialize
FNDA:5135,ERC721._initialize
DA:54,5135
DA:55,5135
FN:61,ERC721.supportsInterface
FNDA:0,ERC721.supportsInterface
DA:68,0
FN:77,ERC721.balanceOf
FNDA:0,ERC721.balanceOf
DA:79,0
FN:85,ERC721.ownerOf
FNDA:2357,ERC721.ownerOf
DA:86,15419
DA:87,15419
BRDA:87,0,0,-
BRDA:87,0,1,15419
DA:88,15419
FN:94,ERC721.name
FNDA:256,ERC721.name
DA:95,256
FN:101,ERC721.symbol
FNDA:256,ERC721.symbol
DA:102,256
FN:108,ERC721.tokenURI
FNDA:0,ERC721.tokenURI
DA:109,0
DA:111,0
DA:112,0
FN:120,ERC721._baseURI
FNDA:0,ERC721._baseURI
DA:121,0
FN:127,ERC721.approve
FNDA:0,ERC721.approve
DA:128,0
DA:130,0
BRDA:130,1,0,-
BRDA:130,1,1,-
DA:132,0
BRDA:132,2,0,-
BRDA:132,2,1,-
DA:133,0
DA:135,0
FN:141,ERC721.getApproved
FNDA:0,ERC721.getApproved
DA:142,0
DA:144,0
FN:150,ERC721.setApprovalForAll
FNDA:0,ERC721.setApprovalForAll
DA:151,0
FN:157,ERC721.isApprovedForAll
FNDA:0,ERC721.isApprovedForAll
DA:164,0
FN:170,ERC721.transferFrom
FNDA:2065,ERC721.transferFrom
DA:176,2065
BRDA:176,3,0,-
BRDA:176,3,1,2065
DA:178,2065
FN:184,ERC721.safeTransferFrom
FNDA:0,ERC721.safeTransferFrom
DA:189,0
FN:195,ERC721.safeTransferFrom
FNDA:0,ERC721.safeTransferFrom
DA:201,0
BRDA:201,4,0,-
BRDA:201,4,1,-
DA:202,0
FN:223,ERC721._safeTransfer
FNDA:0,ERC721._safeTransfer
DA:229,0
DA:230,0
BRDA:230,5,0,-
BRDA:230,5,1,-
FN:241,ERC721._exists
FNDA:5406,ERC721._exists
DA:242,5406
FN:252,ERC721._isApprovedOrOwner
FNDA:2065,ERC721._isApprovedOrOwner
DA:258,2065
DA:259,2065
FN:274,ERC721._mint
FNDA:5406,ERC721._mint
DA:275,5406
BRDA:275,6,0,-
BRDA:275,6,1,5406
DA:276,5406
BRDA:276,7,0,-
BRDA:276,7,1,5406
DA:278,5406
DA:280,5406
DA:282,5406
DA:284,5406
FN:297,ERC721._burn
FNDA:3434,ERC721._burn
DA:298,3434
DA:300,3434
DA:303,3434
DA:305,3434
DA:307,3434
DA:309,3434
FN:323,ERC721._transfer
FNDA:2065,ERC721._transfer
DA:328,2065
BRDA:328,8,0,-
BRDA:328,8,1,2065
DA:329,2065
BRDA:329,9,0,-
BRDA:329,9,1,2065
DA:331,2065
DA:334,2064
DA:336,2064
DA:338,2064
DA:340,2064
FN:348,ERC721._approve
FNDA:5498,ERC721._approve
DA:349,5498
DA:350,5498
FN:358,ERC721._setApprovalForAll
FNDA:0,ERC721._setApprovalForAll
DA:363,0
BRDA:363,10,0,-
BRDA:363,10,1,-
DA:364,0
DA:365,0
FN:371,ERC721._requireMinted
FNDA:0,ERC721._requireMinted
DA:372,0
BRDA:372,11,0,-
BRDA:372,11,1,-
FN:385,ERC721._checkOnERC721Received
FNDA:0,ERC721._checkOnERC721Received
DA:391,0
BRDA:391,12,0,-
BRDA:391,12,1,-
DA:392,0
DA:407,0
FN:425,ERC721._beforeTokenTransfer
FNDA:10904,ERC721._beforeTokenTransfer
FN:442,ERC721._afterTokenTransfer
FNDA:10904,ERC721._afterTokenTransfer
FNF:27
FNH:13
LF:60
LH:33
BRF:26
BRH:6
end_of_record
TN:
SF:contracts/abstract/JB721Delegate.sol
FN:79,JB721Delegate.payParams
FNDA:3340,JB721Delegate.payParams
DA:91,3340
DA:92,3340
DA:93,3340
DA:94,3340
FN:107,JB721Delegate.redeemParams
FNDA:1030,JB721Delegate.redeemParams
DA:119,1030
BRDA:119,0,0,256
BRDA:119,0,1,774
DA:124,774
BRDA:123,1,0,-
BRDA:123,1,1,774
DA:127,0
DA:131,774
DA:132,774
DA:135,774
DA:141,774
DA:144,774
DA:147,774
DA:150,774
BRDA:150,2,0,1
BRDA:150,2,1,773
DA:151,1
DA:154,773
FN:183,JB721Delegate.redemptionWeightOf
FNDA:0,JB721Delegate.redemptionWeightOf
DA:191,0
FN:202,JB721Delegate.totalRedemptionWeight
FNDA:0,JB721Delegate.totalRedemptionWeight
DA:209,0
FN:221,JB721Delegate.supportsInterface
FNDA:0,JB721Delegate.supportsInterface
DA:228,0
FN:247,JB721Delegate._initialize
FNDA:5135,JB721Delegate._initialize
DA:253,5135
DA:255,5135
DA:256,5135
FN:272,JB721Delegate.didPay
FNDA:7385,JB721Delegate.didPay
DA:273,7385
DA:277,7385
BRDA:276,3,0,256
BRDA:276,3,1,7129
DA:280,256
DA:283,7129
FN:295,JB721Delegate.didRedeem
FNDA:1541,JB721Delegate.didRedeem
DA:298,1541
BRDA:297,4,0,257
BRDA:297,4,1,1284
DA:301,257
DA:306,1284
BRDA:305,5,0,-
BRDA:305,5,1,1284
DA:308,0
DA:311,1284
DA:317,1284
DA:320,1284
DA:323,1284
DA:325,3690
DA:328,3690
BRDA:328,6,0,256
BRDA:328,6,1,3434
DA:331,3434
DA:334,3434
DA:339,1028
FN:352,JB721Delegate._processPayment
FNDA:0,JB721Delegate._processPayment
FN:362,JB721Delegate._didBurn
FNDA:0,JB721Delegate._didBurn
FNF:10
FNH:5
LF:39
LH:34
BRF:14
BRH:12
end_of_record
TN:
SF:contracts/abstract/Votes.sol
FN:55,Votes.getVotes
FNDA:1536,Votes.getVotes
DA:56,1536
FN:66,Votes.getPastVotes
FNDA:0,Votes.getPastVotes
DA:72,0
FN:86,Votes.getPastTotalSupply
FNDA:0,Votes.getPastTotalSupply
DA:87,0
BRDA:87,0,0,-
BRDA:87,0,1,-
DA:88,0
FN:94,Votes._getTotalSupply
FNDA:0,Votes._getTotalSupply
DA:95,0
FN:101,Votes.delegates
FNDA:256,Votes.delegates
DA:102,2934
FN:108,Votes.delegate
FNDA:1142,Votes.delegate
DA:109,1142
FN:117,Votes._delegate
FNDA:1142,Votes._delegate
DA:118,1142
DA:119,1142
DA:121,1142
DA:122,1142
FN:129,Votes._transferVotingUnits
FNDA:768,Votes._transferVotingUnits
DA:134,768
BRDA:134,1,0,512
BRDA:134,1,1,768
DA:135,512
DA:137,768
BRDA:137,2,0,-
BRDA:137,2,1,768
DA:138,0
DA:140,768
FN:146,Votes._moveDelegateVotes
FNDA:1910,Votes._moveDelegateVotes
DA:151,1910
BRDA:151,3,0,1023
BRDA:151,3,1,1161
DA:152,1161
BRDA:152,4,0,649
BRDA:152,4,1,1161
DA:153,649
DA:154,649
DA:156,1161
BRDA:156,5,0,1023
BRDA:156,5,1,1161
DA:157,1023
DA:158,1023
FN:163,Votes._add
FNDA:1535,Votes._add
DA:164,1535
FN:167,Votes._subtract
FNDA:649,Votes._subtract
DA:168,649
FNF:11
FNH:8
LF:25
LH:20
BRF:12
BRH:9
end_of_record
TN:
SF:contracts/forge-test/NFTReward_Unit.t.sol
FN:5776,ForTest_JBTiered721DelegateStore.ForTest_dumpTiersList
FNDA:512,ForTest_JBTiered721DelegateStore.ForTest_dumpTiersList
DA:5783,512
DA:5786,512
DA:5789,512
DA:5792,512
DA:5795,512
DA:5798,2656
DA:5799,2144
DA:5801,2144
DA:5819,2144
DA:5823,512
DA:5824,960
BRDA:5824,0,0,448
BRDA:5824,0,1,512
DA:5828,512
FN:5832,ForTest_JBTiered721DelegateStore.ForTest_setTier
FNDA:3789,ForTest_JBTiered721DelegateStore.ForTest_setTier
DA:5837,3789
FN:5840,ForTest_JBTiered721DelegateStore.ForTest_setBalanceOf
FNDA:2388,ForTest_JBTiered721DelegateStore.ForTest_setBalanceOf
DA:5846,2388
FN:5849,ForTest_JBTiered721DelegateStore.ForTest_setReservesMintedFor
FNDA:39,ForTest_JBTiered721DelegateStore.ForTest_setReservesMintedFor
DA:5854,39
FN:5857,ForTest_JBTiered721DelegateStore.ForTest_setFirstOwnerOf
FNDA:256,ForTest_JBTiered721DelegateStore.ForTest_setFirstOwnerOf
DA:5862,256
FN:5865,ForTest_JBTiered721DelegateStore.ForTest_setIsTierRemoved
FNDA:512,ForTest_JBTiered721DelegateStore.ForTest_setIsTierRemoved
DA:5866,512
FN:5764,ForTest_JBTiered721Delegate.ForTest_setOwnerOf
FNDA:1780,ForTest_JBTiered721Delegate.ForTest_setOwnerOf
DA:5765,1780
FNF:7
FNH:7
LF:18
LH:18
BRF:2
BRH:2
end_of_record
TN:
SF:contracts/forge-test/utils/AccessJBLib.sol
FN:9,AccessJBLib.ETH
FNDA:0,AccessJBLib.ETH
DA:10,0
FN:13,AccessJBLib.USD
FNDA:0,AccessJBLib.USD
DA:14,0
FN:17,AccessJBLib.ETHToken
FNDA:0,AccessJBLib.ETHToken
DA:18,0
FN:21,AccessJBLib.MAX_FEE
FNDA:0,AccessJBLib.MAX_FEE
DA:22,0
FN:25,AccessJBLib.MAX_RESERVED_RATE
FNDA:3,AccessJBLib.MAX_RESERVED_RATE
DA:26,3
FN:29,AccessJBLib.MAX_REDEMPTION_RATE
FNDA:0,AccessJBLib.MAX_REDEMPTION_RATE
DA:30,0
FN:33,AccessJBLib.MAX_DISCOUNT_RATE
FNDA:0,AccessJBLib.MAX_DISCOUNT_RATE
DA:34,0
FN:37,AccessJBLib.SPLITS_TOTAL_PERCENT
FNDA:0,AccessJBLib.SPLITS_TOTAL_PERCENT
DA:38,0
FN:41,AccessJBLib.MAX_FEE_DISCOUNT
FNDA:0,AccessJBLib.MAX_FEE_DISCOUNT
DA:42,0
FNF:9
FNH:1
LF:9
LH:1
BRF:0
BRH:0
end_of_record
TN:
SF:contracts/forge-test/utils/TestBaseWorkflow.sol
FN:82,TestBaseWorkflow.setUp
FNDA:0,TestBaseWorkflow.setUp
DA:84,0
DA:85,0
DA:87,0
DA:88,0
DA:90,0
DA:91,0
DA:93,0
DA:95,0
DA:96,0
DA:98,0
DA:104,0
DA:106,0
DA:112,0
DA:114,0
DA:115,0
DA:117,0
DA:125,0
DA:127,0
DA:128,0
DA:130,0
DA:135,0
DA:137,0
DA:139,0
DA:149,0
DA:151,0
DA:153,0
DA:155,0
DA:162,0
DA:186,0
DA:187,0
DA:188,0
DA:190,0
DA:191,0
DA:192,0
FN:196,TestBaseWorkflow.addressFrom
FNDA:0,TestBaseWorkflow.addressFrom
DA:197,0
DA:198,0
BRDA:198,0,0,-
BRDA:198,0,1,-
DA:199,0
BRDA:199,1,0,-
BRDA:199,1,1,-
DA:200,0
DA:201,0
BRDA:201,2,0,-
BRDA:201,2,1,-
DA:202,0
DA:203,0
BRDA:203,3,0,-
BRDA:203,3,1,-
DA:204,0
DA:205,0
BRDA:205,4,0,-
BRDA:205,4,1,-
DA:206,0
DA:207,0
DA:208,0
DA:211,0
FNF:2
FNH:0
LF:47
LH:0
BRF:10
BRH:0
end_of_record
TN:
SF:contracts/libraries/JBBitmap.sol
FN:15,JBBitmap.readId
FNDA:0,JBBitmap.readId
DA:20,0
DA:22,0
FN:29,JBBitmap.isTierIdRemoved
FNDA:0,JBBitmap.isTierIdRemoved
DA:30,0
FN:37,JBBitmap.isTierIdRemoved
FNDA:0,JBBitmap.isTierIdRemoved
DA:42,0
DA:43,0
FN:50,JBBitmap.removeTier
FNDA:0,JBBitmap.removeTier
DA:51,0
DA:52,0
FN:59,JBBitmap.refreshBitmapNeeded
FNDA:0,JBBitmap.refreshBitmapNeeded
DA:64,0
FN:73,JBBitmap._retrieveDepth
FNDA:0,JBBitmap._retrieveDepth
DA:74,0
FNF:6
FNH:0
LF:9
LH:0
BRF:0
BRH:0
end_of_record
TN:
SF:contracts/libraries/JBIpfsDecoder.sol
FN:29,JBIpfsDecoder.decode
FNDA:0,JBIpfsDecoder.decode
DA:35,0
DA:38,0
DA:41,0
FN:51,JBIpfsDecoder._toBase58
FNDA:0,JBIpfsDecoder._toBase58
DA:52,0
BRDA:52,0,0,-
BRDA:52,0,1,-
DA:54,0
DA:56,0
DA:58,0
DA:59,0
DA:61,0
DA:62,0
DA:64,0
DA:65,0
DA:66,0
DA:67,0
DA:70,0
DA:74,0
DA:75,0
DA:77,0
DA:79,0
DA:83,0
DA:86,0
FN:89,JBIpfsDecoder._truncate
FNDA:0,JBIpfsDecoder._truncate
DA:90,0
DA:91,0
DA:92,0
DA:95,0
DA:98,0
FN:101,JBIpfsDecoder._reverse
FNDA:0,JBIpfsDecoder._reverse
DA:102,0
DA:103,0
DA:104,0
DA:106,0
DA:107,0
DA:110,0
FN:113,JBIpfsDecoder._toAlphabet
FNDA:0,JBIpfsDecoder._toAlphabet
DA:114,0
DA:115,0
DA:116,0
DA:117,0
DA:120,0
DA:123,0
FNF:5
FNH:0
LF:38
LH:0
BRF:2
BRH:0
end_of_record
TN:
SF:contracts/libraries/JBTiered721FundingCycleMetadataResolver.sol
FN:7,JBTiered721FundingCycleMetadataResolver.transfersPaused
FNDA:0,JBTiered721FundingCycleMetadataResolver.transfersPaused
DA:8,0
FN:11,JBTiered721FundingCycleMetadataResolver.mintingReservesPaused
FNDA:9,JBTiered721FundingCycleMetadataResolver.mintingReservesPaused
DA:12,9
FN:23,JBTiered721FundingCycleMetadataResolver.packFundingCycleGlobalMetadata
FNDA:0,JBTiered721FundingCycleMetadataResolver.packFundingCycleGlobalMetadata
DA:29,0
BRDA:29,0,0,-
BRDA:29,0,1,-
DA:31,0
BRDA:31,1,0,-
BRDA:31,1,1,-
FN:42,JBTiered721FundingCycleMetadataResolver.expandMetadata
FNDA:0,JBTiered721FundingCycleMetadataResolver.expandMetadata
DA:47,0
FNF:4
FNH:1
LF:5
LH:1
BRF:4
BRH:0
end_of_record
TN:
SF:contracts/scripts/Deploy.s.sol
FN:46,DeployGoerli.run
FNDA:0,DeployGoerli.run
DA:47,0
DA:49,0
DA:50,0
DA:51,0
DA:53,0
DA:59,0
DA:61,0
DA:63,0
DA:64,0
FN:16,DeployMainnet.run
FNDA:0,DeployMainnet.run
DA:17,0
DA:19,0
DA:20,0
DA:21,0
DA:23,0
DA:29,0
DA:31,0
DA:33,0
DA:34,0
FNF:2
FNH:0
LF:18
LH:0
BRF:0
BRH:0
end_of_record
TN:
SF:contracts/scripts/LaunchProjectFor.s.sol
FN:32,RinkebyLaunchProjectFor.setUp
FNDA:0,RinkebyLaunchProjectFor.setUp
DA:33,0
DA:34,0
DA:35,0
DA:36,0
DA:37,0
DA:38,0
DA:39,0
DA:40,0
FN:43,RinkebyLaunchProjectFor.run
FNDA:0,RinkebyLaunchProjectFor.run
DA:44,0
DA:47,0
DA:49,0
DA:51,0
DA:57,0
FN:60,RinkebyLaunchProjectFor.createData
FNDA:0,RinkebyLaunchProjectFor.createData
DA:68,0
DA:73,0
DA:80,0
DA:103,0
DA:104,0
DA:114,0
DA:115,0
DA:117,0
DA:119,0
DA:131,0
DA:133,0
DA:134,0
DA:152,0
DA:178,0
FNF:3
FNH:0
LF:27
LH:0
BRF:0
BRH:0
end_of_record
TN:
SF:node_modules/@jbx-protocol/juice-contracts-v3/contracts/JBController.sol
FN:157,JBController.distributionLimitOf
FNDA:771,JBController.distributionLimitOf
DA:164,771
DA:167,771
FN:185,JBController.overflowAllowanceOf
FNDA:0,JBController.overflowAllowanceOf
DA:192,0
DA:195,0
FN:207,JBController.reservedTokenBalanceOf
FNDA:0,JBController.reservedTokenBalanceOf
DA:213,0
FN:230,JBController.totalOutstandingTokensOf
FNDA:771,JBController.totalOutstandingTokensOf
DA:237,771
DA:240,771
DA:247,771
FN:259,JBController.getFundingCycleOf
FNDA:0,JBController.getFundingCycleOf
DA:265,0
DA:266,0
FN:279,JBController.latestConfiguredFundingCycleOf
FNDA:0,JBController.latestConfiguredFundingCycleOf
DA:289,0
DA:290,0
FN:302,JBController.currentFundingCycleOf
FNDA:0,JBController.currentFundingCycleOf
DA:308,0
DA:309,0
FN:321,JBController.queuedFundingCycleOf
FNDA:0,JBController.queuedFundingCycleOf
DA:327,0
DA:328,0
FN:344,JBController.supportsInterface
FNDA:0,JBController.supportsInterface
DA:351,0
FN:411,JBController.launchProjectFor
FNDA:3340,JBController.launchProjectFor
DA:423,3340
DA:426,3340
DA:429,3340
DA:432,3340
DA:442,3340
BRDA:442,0,0,-
BRDA:442,0,1,3340
DA:444,3340
FN:468,JBController.launchFundingCyclesFor
FNDA:0,JBController.launchFundingCyclesFor
DA:485,0
BRDA:485,1,0,-
BRDA:485,1,1,-
DA:486,0
DA:489,0
DA:492,0
DA:502,0
BRDA:502,2,0,-
BRDA:502,2,1,-
DA:504,0
FN:524,JBController.reconfigureFundingCyclesOf
FNDA:0,JBController.reconfigureFundingCyclesOf
DA:540,0
DA:549,0
FN:568,JBController.mintTokensOf
FNDA:3340,JBController.mintTokensOf
DA:577,3340
BRDA:577,3,0,-
BRDA:577,3,1,3340
DA:581,3340
DA:586,3340
DA:589,3340
DA:599,3340
BRDA:598,4,0,-
BRDA:598,4,1,3340
DA:602,0
DA:605,3340
DA:608,3340
DA:613,3340
BRDA:613,5,0,-
BRDA:613,5,1,3340
DA:615,0
DA:620,3340
DA:626,3340
BRDA:626,6,0,-
BRDA:626,6,1,3340
DA:628,0
DA:633,3340
DA:636,3340
FN:660,JBController.burnTokensOf
FNDA:0,JBController.burnTokensOf
DA:678,0
BRDA:678,7,0,-
BRDA:678,7,1,-
DA:681,0
DA:685,0
BRDA:684,8,0,-
BRDA:684,8,1,-
DA:687,0
DA:690,0
DA:695,0
DA:697,0
FN:709,JBController.distributeReservedTokensOf
FNDA:0,JBController.distributeReservedTokensOf
DA:715,0
FN:728,JBController.prepForMigrationOf
FNDA:0,JBController.prepForMigrationOf
DA:730,0
BRDA:730,9,0,-
BRDA:730,9,1,-
DA:731,0
DA:734,0
DA:736,0
FN:749,JBController.migrate
FNDA:0,JBController.migrate
DA:756,0
DA:759,0
BRDA:759,10,0,-
BRDA:759,10,1,-
DA:762,0
DA:765,0
BRDA:765,11,0,-
BRDA:765,11,1,-
DA:769,0
BRDA:768,12,0,-
BRDA:768,12,1,-
DA:771,0
DA:774,0
DA:777,0
DA:779,0
FN:795,JBController._distributeReservedTokensOf
FNDA:0,JBController._distributeReservedTokensOf
DA:800,0
DA:803,0
DA:806,0
DA:809,0
DA:816,0
DA:819,0
DA:822,0
DA:832,0
BRDA:832,13,0,-
BRDA:832,13,1,-
DA:833,0
DA:835,0
FN:858,JBController._distributeToReservedTokenSplitsOf
FNDA:0,JBController._distributeToReservedTokenSplitsOf
DA:865,0
DA:868,0
DA:871,0
DA:874,0
DA:876,0
DA:879,0
DA:886,0
BRDA:886,14,0,-
BRDA:886,14,1,-
DA:887,0
DA:904,0
BRDA:904,15,0,-
BRDA:904,15,1,-
DA:905,0
DA:917,0
DA:920,0
DA:930,0
FN:948,JBController._configure
FNDA:3340,JBController._configure
DA:957,3340
BRDA:957,16,0,-
BRDA:957,16,1,3340
DA:960,3340
BRDA:960,17,0,-
BRDA:960,17,1,3340
DA:961,0
DA:964,3340
BRDA:964,18,0,-
BRDA:964,18,1,3340
DA:965,0
DA:968,3340
DA:976,3340
DA:979,3340
DA:980,0
DA:983,0
BRDA:983,19,0,-
BRDA:983,19,1,-
DA:986,0
BRDA:986,20,0,-
BRDA:986,20,1,-
DA:987,0
DA:990,0
BRDA:990,21,0,-
BRDA:990,21,1,-
DA:993,0
BRDA:993,22,0,-
BRDA:993,22,1,-
DA:994,0
DA:997,0
BRDA:997,23,0,-
BRDA:997,23,1,-
DA:998,0
DA:1005,0
BRDA:1005,24,0,-
BRDA:1005,24,1,-
DA:1006,0
DA:1012,0
DA:1021,0
DA:1025,3340
FN:1038,JBController._reservedTokenAmountFrom
FNDA:771,JBController._reservedTokenAmountFrom
DA:1044,771
DA:1049,771
BRDA:1049,25,0,-
BRDA:1049,25,1,771
DA:1052,771
BRDA:1052,26,0,-
BRDA:1052,26,1,771
DA:1054,771
FNF:21
FNH:6
LF:116
LH:34
BRF:54
BRH:10
end_of_record
TN:
SF:node_modules/@jbx-protocol/juice-contracts-v3/contracts/JBDirectory.sol
FN:105,JBDirectory.terminalsOf
FNDA:0,JBDirectory.terminalsOf
DA:111,0
FN:126,JBDirectory.primaryTerminalOf
FNDA:0,JBDirectory.primaryTerminalOf
DA:133,0
DA:137,0
BRDA:136,0,0,-
BRDA:136,0,1,-
DA:139,0
DA:142,0
DA:145,0
DA:147,0
DA:150,0
BRDA:150,1,0,-
BRDA:150,1,1,-
DA:153,0
DA:158,0
FN:174,JBDirectory.isTerminalOf
FNDA:10791,JBDirectory.isTerminalOf
DA:181,10791
DA:184,10791
DA:186,10791
BRDA:186,2,0,10791
BRDA:186,2,1,-
DA:189,0
DA:194,0
FN:236,JBDirectory.setControllerOf
FNDA:3340,JBDirectory.setControllerOf
DA:248,3340
BRDA:248,3,0,-
BRDA:248,3,1,3340
DA:251,3340
DA:255,3340
BRDA:254,4,0,-
BRDA:254,4,1,3340
DA:258,0
DA:261,3340
DA:263,3340
FN:276,JBDirectory.setTerminalsOf
FNDA:3340,JBDirectory.setTerminalsOf
DA:287,3340
DA:291,3340
BRDA:290,5,0,-
BRDA:290,5,1,3340
DA:292,0
DA:295,3340
DA:298,3340
BRDA:298,6,0,-
BRDA:298,6,1,-
DA:299,0
DA:300,0
DA:301,0
BRDA:301,7,0,-
BRDA:301,7,1,-
DA:304,0
DA:309,0
DA:313,3340
FN:331,JBDirectory.setPrimaryTerminalOf
FNDA:0,JBDirectory.setPrimaryTerminalOf
DA:341,0
BRDA:341,8,0,-
BRDA:341,8,1,-
DA:344,0
DA:347,0
DA:349,0
FN:367,JBDirectory.setIsAllowedToSetFirstController
FNDA:0,JBDirectory.setIsAllowedToSetFirstController
DA:373,0
DA:375,0
FN:389,JBDirectory._addTerminalIfNeeded
FNDA:0,JBDirectory._addTerminalIfNeeded
DA:391,0
BRDA:391,9,0,-
BRDA:391,9,1,-
DA:394,0
DA:398,0
BRDA:397,10,0,-
BRDA:397,10,1,-
DA:399,0
DA:402,0
DA:404,0
FNF:8
FNH:3
LF:44
LH:13
BRF:22
BRH:4
end_of_record
TN:
SF:node_modules/@jbx-protocol/juice-contracts-v3/contracts/JBERC20PaymentTerminal.sol
FN:29,JBERC20PaymentTerminal._balance
FNDA:0,JBERC20PaymentTerminal._balance
DA:30,0
FN:94,JBERC20PaymentTerminal._transferFrom
FNDA:0,JBERC20PaymentTerminal._transferFrom
DA:99,0
FN:111,JBERC20PaymentTerminal._beforeTransferTo
FNDA:0,JBERC20PaymentTerminal._beforeTransferTo
DA:112,0
FNF:3
FNH:0
LF:3
LH:0
BRF:0
BRH:0
end_of_record
TN:
SF:node_modules/@jbx-protocol/juice-contracts-v3/contracts/JBETHPaymentTerminal.sol
FN:27,JBETHPaymentTerminal._balance
FNDA:0,JBETHPaymentTerminal._balance
DA:28,0
FN:86,JBETHPaymentTerminal._transferFrom
FNDA:771,JBETHPaymentTerminal._transferFrom
DA:93,771
FNF:2
FNH:1
LF:2
LH:1
BRF:0
BRH:0
end_of_record
TN:
SF:node_modules/@jbx-protocol/juice-contracts-v3/contracts/JBFundingCycleStore.sol
FN:87,JBFundingCycleStore.get
FNDA:0,JBFundingCycleStore.get
DA:93,0
FN:105,JBFundingCycleStore.latestConfiguredOf
FNDA:0,JBFundingCycleStore.latestConfiguredOf
DA:112,0
DA:115,0
DA:118,0
FN:137,JBFundingCycleStore.queuedOf
FNDA:0,JBFundingCycleStore.queuedOf
DA:144,0
BRDA:144,0,0,-
BRDA:144,0,1,-
DA:147,0
DA:150,0
BRDA:150,1,0,-
BRDA:150,1,1,-
DA:151,0
DA:153,0
BRDA:153,2,0,-
BRDA:153,2,1,-
DA:156,0
DA:159,0
DA:163,0
BRDA:163,3,0,-
BRDA:163,3,1,-
DA:164,0
DA:168,0
BRDA:168,4,0,-
BRDA:168,4,1,-
DA:172,0
BRDA:172,5,0,-
BRDA:172,5,1,-
DA:175,0
DA:178,0
BRDA:178,6,0,-
BRDA:178,6,1,-
DA:181,0
FN:195,JBFundingCycleStore.currentOf
FNDA:17477,JBFundingCycleStore.currentOf
DA:202,17477
BRDA:202,7,0,3340
BRDA:202,7,1,14137
DA:205,14137
DA:208,14137
DA:211,14137
BRDA:211,8,0,14137
BRDA:211,8,1,-
DA:213,14137
DA:217,14137
BRDA:217,9,0,14137
BRDA:217,9,1,-
DA:221,0
DA:225,0
DA:228,0
DA:231,0
BRDA:231,10,0,-
BRDA:231,10,1,-
DA:232,0
DA:236,0
BRDA:236,11,0,-
BRDA:236,11,1,-
DA:239,0
DA:242,0
BRDA:242,12,0,-
BRDA:242,12,1,-
DA:245,0
FN:256,JBFundingCycleStore.currentBallotStateOf
FNDA:1542,JBFundingCycleStore.currentBallotStateOf
DA:258,1542
DA:261,1542
DA:263,1542
FN:300,JBFundingCycleStore.configureFor
FNDA:3340,JBFundingCycleStore.configureFor
DA:307,3340
BRDA:307,13,0,-
BRDA:307,13,1,3340
DA:310,3340
BRDA:310,14,0,-
BRDA:310,14,1,3340
DA:313,3340
BRDA:313,15,0,-
BRDA:313,15,1,3340
DA:316,3340
BRDA:316,16,0,3340
BRDA:316,16,1,3340
DA:319,3340
BRDA:319,17,0,-
BRDA:319,17,1,3340
DA:322,3340
BRDA:322,18,0,-
BRDA:322,18,1,-
DA:323,0
DA:326,0
BRDA:326,19,0,-
BRDA:326,19,1,-
DA:329,0
DA:339,3340
DA:342,3340
DA:347,3340
BRDA:346,20,0,3340
BRDA:346,20,1,3340
DA:352,3340
DA:355,3340
DA:358,3340
DA:361,3340
DA:365,3340
BRDA:365,21,0,3340
BRDA:365,21,1,3340
DA:367,3340
DA:370,3340
FN:386,JBFundingCycleStore._configureIntrinsicPropertiesFor
FNDA:3340,JBFundingCycleStore._configureIntrinsicPropertiesFor
DA:393,3340
BRDA:393,22,0,3340
BRDA:393,22,1,-
DA:395,3340
DA:399,0
DA:402,0
BRDA:402,23,0,-
BRDA:402,23,1,-
DA:404,0
DA:407,0
DA:409,0
BRDA:409,24,0,-
BRDA:409,24,1,-
DA:412,0
DA:415,0
BRDA:415,25,0,-
BRDA:415,25,1,-
DA:419,0
DA:423,0
FN:443,JBFundingCycleStore._initFor
FNDA:3340,JBFundingCycleStore._initFor
DA:451,3340
BRDA:451,26,0,3340
BRDA:451,26,1,-
DA:453,3340
DA:456,3340
DA:466,0
DA:470,0
DA:475,0
DA:478,0
DA:489,3340
DA:491,3340
FN:505,JBFundingCycleStore._packAndStoreIntrinsicPropertiesOf
FNDA:3340,JBFundingCycleStore._packAndStoreIntrinsicPropertiesOf
DA:514,3340
DA:517,3340
DA:520,3340
DA:523,3340
DA:526,3340
FN:543,JBFundingCycleStore._standbyOf
FNDA:0,JBFundingCycleStore._standbyOf
DA:545,0
DA:548,0
DA:551,0
BRDA:551,27,0,-
BRDA:551,27,1,-
DA:554,0
BRDA:554,28,0,-
BRDA:554,28,1,-
DA:557,0
DA:561,0
BRDA:560,29,0,-
BRDA:560,29,1,-
DA:563,0
FN:580,JBFundingCycleStore._eligibleOf
FNDA:14137,JBFundingCycleStore._eligibleOf
DA:582,14137
DA:585,14137
DA:590,14137
BRDA:589,30,0,-
BRDA:589,30,1,14137
DA:591,0
DA:594,14137
BRDA:594,31,0,14137
BRDA:594,31,1,-
DA:597,0
DA:602,0
BRDA:601,32,0,-
BRDA:601,32,1,-
DA:604,0
DA:607,0
FN:625,JBFundingCycleStore._mockFundingCycleBasedOn
FNDA:0,JBFundingCycleStore._mockFundingCycleBasedOn
DA:632,0
DA:637,0
DA:640,0
DA:642,0
FN:665,JBFundingCycleStore._deriveStartFrom
FNDA:0,JBFundingCycleStore._deriveStartFrom
DA:671,0
BRDA:671,33,0,-
BRDA:671,33,1,-
DA:674,0
DA:677,0
BRDA:677,34,0,-
BRDA:677,34,1,-
DA:680,0
DA:684,0
DA:687,0
FN:699,JBFundingCycleStore._deriveWeightFrom
FNDA:0,JBFundingCycleStore._deriveWeightFrom
DA:705,0
BRDA:705,35,0,-
BRDA:705,35,1,-
DA:706,0
DA:714,0
DA:717,0
BRDA:717,36,0,-
BRDA:717,36,1,-
DA:720,0
DA:723,0
DA:725,0
DA:728,0
DA:731,0
DA:738,0
BRDA:738,37,0,-
BRDA:738,37,1,-
DA:741,0
FN:755,JBFundingCycleStore._deriveNumberFrom
FNDA:0,JBFundingCycleStore._deriveNumberFrom
DA:761,0
BRDA:761,38,0,-
BRDA:761,38,1,-
DA:764,0
DA:767,0
FN:779,JBFundingCycleStore._isApproved
FNDA:14137,JBFundingCycleStore._isApproved
DA:784,14137
FN:804,JBFundingCycleStore._ballotStateOf
FNDA:15679,JBFundingCycleStore._ballotStateOf
DA:811,15679
BRDA:811,39,0,15679
BRDA:811,39,1,-
DA:814,0
DA:820,0
BRDA:820,40,0,-
BRDA:820,40,1,-
DA:821,0
DA:824,0
FN:836,JBFundingCycleStore._getStructFor
FNDA:39836,JBFundingCycleStore._getStructFor
DA:842,39836
BRDA:842,41,0,33156
BRDA:842,41,1,39836
DA:844,33156
DA:846,33156
DA:849,33156
DA:851,33156
DA:853,33156
DA:855,33156
DA:857,33156
DA:860,33156
DA:862,33156
DA:864,33156
DA:866,33156
FNF:18
FNH:10
LF:138
LH:55
BRF:84
BRH:21
end_of_record
TN:
SF:node_modules/@jbx-protocol/juice-contracts-v3/contracts/JBOperatorStore.sol
FN:57,JBOperatorStore.hasPermission
FNDA:0,JBOperatorStore.hasPermission
DA:63,0
BRDA:63,0,0,-
BRDA:63,0,1,-
DA:65,0
FN:79,JBOperatorStore.hasPermissions
FNDA:0,JBOperatorStore.hasPermissions
DA:85,0
DA:86,0
DA:88,0
BRDA:88,1,0,-
BRDA:88,1,1,-
DA:90,0
BRDA:90,2,0,-
BRDA:90,2,1,-
DA:91,0
DA:94,0
DA:97,0
FN:113,JBOperatorStore.setOperator
FNDA:0,JBOperatorStore.setOperator
DA:115,0
DA:118,0
DA:120,0
FN:138,JBOperatorStore.setOperators
FNDA:0,JBOperatorStore.setOperators
DA:139,0
DA:141,0
DA:144,0
DA:146,0
DA:155,0
FN:172,JBOperatorStore._packedPermissions
FNDA:0,JBOperatorStore._packedPermissions
DA:173,0
DA:174,0
DA:176,0
BRDA:176,3,0,-
BRDA:176,3,1,-
DA:179,0
DA:182,0
FNF:5
FNH:0
LF:22
LH:0
BRF:8
BRH:0
end_of_record
TN:
SF:node_modules/@jbx-protocol/juice-contracts-v3/contracts/JBPrices.sol
FN:57,JBPrices.priceFor
FNDA:0,JBPrices.priceFor
DA:63,0
BRDA:63,0,0,-
BRDA:63,0,1,-
DA:66,0
DA:69,0
BRDA:69,1,0,-
BRDA:69,1,1,-
DA:72,0
DA:75,0
BRDA:75,2,0,-
BRDA:75,2,1,-
DA:76,0
DA:79,0
FN:109,JBPrices.addFeedFor
FNDA:0,JBPrices.addFeedFor
DA:116,0
BRDA:115,3,0,-
BRDA:115,3,1,-
DA:118,0
DA:121,0
DA:123,0
FNF:2
FNH:0
LF:11
LH:0
BRF:8
BRH:0
end_of_record
TN:
SF:node_modules/@jbx-protocol/juice-contracts-v3/contracts/JBProjects.sol
FN:69,JBProjects.tokenURI
FNDA:0,JBProjects.tokenURI
DA:71,0
DA:74,0
BRDA:74,0,0,-
BRDA:74,0,1,-
DA:77,0
FN:89,JBProjects.supportsInterface
FNDA:0,JBProjects.supportsInterface
DA:96,0
FN:134,JBProjects.createFor
FNDA:3340,JBProjects.createFor
DA:140,3340
DA:143,3340
DA:146,3340
BRDA:146,1,0,3340
BRDA:146,1,1,3340
DA:147,3340
DA:149,3340
FN:165,JBProjects.setMetadataOf
FNDA:0,JBProjects.setMetadataOf
DA:171,0
DA:173,0
FN:182,JBProjects.setTokenUriResolver
FNDA:0,JBProjects.setTokenUriResolver
DA:184,0
DA:186,0
FNF:5
FNH:1
LF:13
LH:5
BRF:4
BRH:2
end_of_record
TN:
SF:node_modules/@jbx-protocol/juice-contracts-v3/contracts/JBSingleTokenPaymentTerminalStore.sol
FN:147,JBSingleTokenPaymentTerminalStore.currentOverflowOf
FNDA:0,JBSingleTokenPaymentTerminalStore.currentOverflowOf
DA:154,0
FN:173,JBSingleTokenPaymentTerminalStore.currentTotalOverflowOf
FNDA:0,JBSingleTokenPaymentTerminalStore.currentTotalOverflowOf
DA:178,0
FN:201,JBSingleTokenPaymentTerminalStore.currentReclaimableOverflowOf
FNDA:0,JBSingleTokenPaymentTerminalStore.currentReclaimableOverflowOf
DA:208,0
DA:212,0
DA:217,0
BRDA:217,0,0,-
BRDA:217,0,1,-
DA:220,0
DA:224,0
BRDA:224,1,0,-
BRDA:224,1,1,-
DA:227,0
FN:251,JBSingleTokenPaymentTerminalStore.currentReclaimableOverflowOf
FNDA:0,JBSingleTokenPaymentTerminalStore.currentReclaimableOverflowOf
DA:258,0
BRDA:258,2,0,-
BRDA:258,2,1,-
DA:261,0
BRDA:261,3,0,-
BRDA:261,3,1,-
DA:264,0
DA:267,0
FN:317,JBSingleTokenPaymentTerminalStore.recordPaymentFrom
FNDA:3340,JBSingleTokenPaymentTerminalStore.recordPaymentFrom
DA:337,3340
DA:340,3340
BRDA:340,4,0,-
BRDA:340,4,1,3340
DA:343,3340
BRDA:343,5,0,-
BRDA:343,5,1,3340
DA:346,3340
DA:349,3340
BRDA:349,6,0,-
BRDA:349,6,1,3340
DA:351,3340
DA:363,3340
DA:368,0
DA:369,0
DA:375,3340
DA:378,3340
BRDA:378,7,0,-
BRDA:378,7,1,-
DA:379,3340
DA:381,3340
DA:384,3340
BRDA:384,8,0,-
BRDA:384,8,1,-
DA:386,0
BRDA:386,9,0,-
BRDA:386,9,1,-
DA:389,0
DA:393,3340
DA:399,3340
BRDA:399,10,0,-
BRDA:399,10,1,3340
DA:402,3340
BRDA:402,11,0,3340
BRDA:402,11,1,3340
DA:403,3340
DA:409,3340
BRDA:409,12,0,-
BRDA:409,12,1,3340
DA:412,3340
DA:416,3340
DA:421,3340
FN:445,JBSingleTokenPaymentTerminalStore.recordRedemptionFor
FNDA:771,JBSingleTokenPaymentTerminalStore.recordRedemptionFor
DA:463,771
DA:466,771
BRDA:466,13,0,-
BRDA:466,13,1,771
DA:471,771
DA:472,771
DA:473,771
DA:478,771
DA:481,771
DA:484,771
DA:488,771
DA:498,771
DA:504,771
BRDA:504,14,0,-
BRDA:504,14,1,771
DA:506,771
BRDA:506,15,0,771
BRDA:506,15,1,771
DA:508,771
DA:516,771
DA:520,771
BRDA:520,16,0,-
BRDA:520,16,1,771
DA:524,771
DA:527,771
DA:543,771
DA:548,0
DA:553,771
DA:555,771
BRDA:555,17,0,-
BRDA:555,17,1,771
DA:557,771
DA:559,771
DA:562,771
BRDA:562,18,0,-
BRDA:562,18,1,771
DA:564,0
DA:567,771
DA:573,771
BRDA:573,19,0,-
BRDA:573,19,1,771
DA:574,0
DA:577,771
BRDA:577,20,0,771
BRDA:577,20,1,771
DA:579,771
FN:600,JBSingleTokenPaymentTerminalStore.recordDistributionFor
FNDA:0,JBSingleTokenPaymentTerminalStore.recordDistributionFor
DA:611,0
DA:614,0
BRDA:614,21,0,-
BRDA:614,21,1,-
DA:617,0
DA:622,0
DA:632,0
BRDA:632,22,0,-
BRDA:632,22,1,-
DA:633,0
DA:636,0
BRDA:636,23,0,-
BRDA:636,23,1,-
DA:639,0
DA:642,0
DA:651,0
BRDA:651,24,0,-
BRDA:651,24,1,-
DA:652,0
DA:655,0
DA:661,0
FN:681,JBSingleTokenPaymentTerminalStore.recordUsedAllowanceOf
FNDA:0,JBSingleTokenPaymentTerminalStore.recordUsedAllowanceOf
DA:692,0
DA:695,0
DA:700,0
DA:710,0
BRDA:710,25,0,-
BRDA:710,25,1,-
DA:711,0
DA:714,0
BRDA:714,26,0,-
BRDA:714,26,1,-
DA:717,0
DA:720,0
DA:730,0
BRDA:729,27,0,-
BRDA:729,27,1,-
DA:737,0
DA:740,0
DA:745,0
FN:760,JBSingleTokenPaymentTerminalStore.recordAddedBalanceFor
FNDA:0,JBSingleTokenPaymentTerminalStore.recordAddedBalanceFor
DA:762,0
FN:778,JBSingleTokenPaymentTerminalStore.recordMigration
FNDA:0,JBSingleTokenPaymentTerminalStore.recordMigration
DA:785,0
DA:788,0
BRDA:788,28,0,-
BRDA:788,28,1,-
DA:791,0
DA:794,0
FN:816,JBSingleTokenPaymentTerminalStore._reclaimableOverflowDuring
FNDA:771,JBSingleTokenPaymentTerminalStore._reclaimableOverflowDuring
DA:824,771
BRDA:824,29,0,-
BRDA:824,29,1,771
DA:827,771
DA:833,771
BRDA:833,30,0,-
BRDA:833,30,1,771
DA:836,771
DA:839,771
BRDA:839,31,0,-
BRDA:839,31,1,771
DA:841,771
FN:868,JBSingleTokenPaymentTerminalStore._overflowDuring
FNDA:771,JBSingleTokenPaymentTerminalStore._overflowDuring
DA:875,771
DA:878,771
BRDA:878,32,0,-
BRDA:878,32,1,771
DA:881,771
DA:886,771
DA:890,771
BRDA:890,33,0,-
BRDA:890,33,1,-
DA:891,0
DA:899,771
FN:917,JBSingleTokenPaymentTerminalStore._currentTotalOverflowOf
FNDA:0,JBSingleTokenPaymentTerminalStore._currentTotalOverflowOf
DA:923,0
DA:926,0
DA:929,0
DA:930,0
DA:932,0
DA:937,0
DA:942,0
FNF:13
FNH:4
LF:116
LH:59
BRF:68
BRH:21
end_of_record
TN:
SF:node_modules/@jbx-protocol/juice-contracts-v3/contracts/JBSplitsStore.sol
FN:103,JBSplitsStore.splitsOf
FNDA:0,JBSplitsStore.splitsOf
DA:108,0
FN:147,JBSplitsStore.set
FNDA:3340,JBSplitsStore.set
DA:162,3340
DA:165,3340
DA:167,0
DA:170,0
DA:173,0
FN:194,JBSplitsStore._set
FNDA:0,JBSplitsStore._set
DA:201,0
DA:204,0
DA:207,0
DA:210,0
BRDA:209,0,0,-
BRDA:209,0,1,-
DA:212,0
DA:215,0
DA:220,0
DA:223,0
DA:225,0
DA:227,0
BRDA:227,1,0,-
BRDA:227,1,1,-
DA:230,0
BRDA:230,2,0,-
BRDA:230,2,1,-
DA:233,0
DA:236,0
BRDA:236,3,0,-
BRDA:236,3,1,-
DA:238,0
DA:241,0
BRDA:241,4,0,-
BRDA:241,4,1,-
DA:243,0
BRDA:243,5,0,-
BRDA:243,5,1,-
DA:245,0
DA:247,0
DA:249,0
DA:252,0
DA:255,0
BRDA:255,6,0,-
BRDA:255,6,1,-
DA:257,0
BRDA:257,7,0,-
BRDA:257,7,1,-
DA:260,0
DA:262,0
DA:265,0
DA:268,0
BRDA:268,8,0,-
BRDA:268,8,1,-
DA:269,0
DA:271,0
DA:274,0
DA:279,0
FN:291,JBSplitsStore._includesLocked
FNDA:0,JBSplitsStore._includesLocked
DA:297,0
DA:299,0
DA:302,0
BRDA:301,9,0,-
BRDA:301,9,1,-
DA:310,0
DA:313,0
DA:317,0
FN:330,JBSplitsStore._getStructsFor
FNDA:0,JBSplitsStore._getStructsFor
DA:336,0
DA:339,0
DA:342,0
DA:344,0
DA:347,0
DA:350,0
DA:352,0
DA:354,0
DA:356,0
DA:358,0
DA:361,0
DA:364,0
BRDA:364,10,0,-
BRDA:364,10,1,-
DA:366,0
DA:368,0
DA:372,0
DA:375,0
DA:379,0
FNF:5
FNH:1
LF:59
LH:2
BRF:22
BRH:0
end_of_record
TN:
SF:node_modules/@jbx-protocol/juice-contracts-v3/contracts/JBToken.sol
FN:49,JBToken.totalSupply
FNDA:0,JBToken.totalSupply
DA:52,0
FN:64,JBToken.balanceOf
FNDA:0,JBToken.balanceOf
DA:73,0
FN:86,JBToken.decimals
FNDA:0,JBToken.decimals
DA:87,0
FN:122,JBToken.mint
FNDA:0,JBToken.mint
DA:128,0
BRDA:128,0,0,-
BRDA:128,0,1,-
DA:130,0
FN:144,JBToken.burn
FNDA:0,JBToken.burn
DA:150,0
BRDA:150,1,0,-
BRDA:150,1,1,-
DA:152,0
FN:163,JBToken.approve
FNDA:0,JBToken.approve
DA:169,0
BRDA:169,2,0,-
BRDA:169,2,1,-
DA:171,0
FN:182,JBToken.transfer
FNDA:0,JBToken.transfer
DA:188,0
BRDA:188,3,0,-
BRDA:188,3,1,-
DA:190,0
FN:202,JBToken.transferFrom
FNDA:0,JBToken.transferFrom
DA:209,0
BRDA:209,4,0,-
BRDA:209,4,1,-
DA:211,0
FNF:8
FNH:0
LF:13
LH:0
BRF:10
BRH:0
end_of_record
TN:
SF:node_modules/@jbx-protocol/juice-contracts-v3/contracts/JBTokenStore.sol
FN:112,JBTokenStore.balanceOf
FNDA:0,JBTokenStore.balanceOf
DA:119,0
DA:122,0
DA:125,0
BRDA:125,0,0,-
BRDA:125,0,1,-
FN:140,JBTokenStore.totalSupplyOf
FNDA:771,JBTokenStore.totalSupplyOf
DA:142,4111
DA:145,4111
DA:148,4111
BRDA:148,1,0,-
BRDA:148,1,1,-
FN:191,JBTokenStore.issueFor
FNDA:0,JBTokenStore.issueFor
DA:202,0
BRDA:202,2,0,-
BRDA:202,2,1,-
DA:205,0
BRDA:205,3,0,-
BRDA:205,3,1,-
DA:208,0
BRDA:208,4,0,-
BRDA:208,4,1,-
DA:211,0
DA:214,0
DA:216,0
FN:229,JBTokenStore.setFor
FNDA:0,JBTokenStore.setFor
DA:235,0
BRDA:235,5,0,-
BRDA:235,5,1,-
DA:238,0
BRDA:238,6,0,-
BRDA:238,6,1,-
DA:241,0
BRDA:241,7,0,-
BRDA:241,7,1,-
DA:244,0
DA:246,0
FN:261,JBTokenStore.mintFor
FNDA:3340,JBTokenStore.mintFor
DA:268,3340
DA:271,3340
DA:273,3340
BRDA:273,8,0,-
BRDA:273,8,1,-
DA:275,0
DA:278,3340
DA:279,3340
DA:283,3340
BRDA:283,9,0,-
BRDA:283,9,1,3340
DA:285,3340
FN:300,JBTokenStore.burnFrom
FNDA:0,JBTokenStore.burnFrom
DA:307,0
DA:310,0
DA:313,0
DA:318,0
BRDA:318,10,0,-
BRDA:318,10,1,-
DA:321,0
DA:324,0
BRDA:324,11,0,-
BRDA:324,11,1,-
DA:325,0
BRDA:325,12,0,-
BRDA:325,12,1,-
DA:327,0
DA:331,0
DA:336,0
DA:338,0
DA:342,0
BRDA:342,13,0,-
BRDA:342,13,1,-
DA:344,0
DA:347,0
DA:353,0
BRDA:353,14,0,-
BRDA:353,14,1,-
DA:355,0
FN:377,JBTokenStore.claimFor
FNDA:0,JBTokenStore.claimFor
DA:383,0
DA:386,0
BRDA:386,15,0,-
BRDA:386,15,1,-
DA:389,0
DA:392,0
BRDA:392,16,0,-
BRDA:392,16,1,-
DA:396,0
DA:399,0
DA:403,0
DA:405,0
FN:420,JBTokenStore.transferFrom
FNDA:0,JBTokenStore.transferFrom
DA:427,0
DA:430,0
BRDA:430,17,0,-
BRDA:430,17,1,-
DA:433,0
BRDA:433,18,0,-
BRDA:433,18,1,-
DA:436,0
DA:439,0
BRDA:439,19,0,-
BRDA:439,19,1,-
DA:443,0
DA:447,0
DA:451,0
FNF:8
FNH:2
LF:57
LH:10
BRF:40
BRH:1
end_of_record
TN:
SF:node_modules/@jbx-protocol/juice-contracts-v3/contracts/abstract/JBOperatable.sol
FN:93,JBOperatable._requirePermission
FNDA:771,JBOperatable._requirePermission
DA:99,771
BRDA:98,0,0,-
BRDA:98,0,1,771
DA:102,0
FN:114,JBOperatable._requirePermissionAllowingOverride
FNDA:13360,JBOperatable._requirePermissionAllowingOverride
DA:121,13360
BRDA:120,1,0,-
BRDA:120,1,1,13360
DA:125,0
FNF:2
FNH:2
LF:4
LH:2
BRF:4
BRH:2
end_of_record
TN:
SF:node_modules/@jbx-protocol/juice-contracts-v3/contracts/abstract/JBPayoutRedemptionPaymentTerminal.sol
FN:197,JBPayoutRedemptionPaymentTerminal.currentEthOverflowOf
FNDA:0,JBPayoutRedemptionPaymentTerminal.currentEthOverflowOf
DA:205,0
DA:208,0
DA:213,0
FN:231,JBPayoutRedemptionPaymentTerminal.heldFeesOf
FNDA:0,JBPayoutRedemptionPaymentTerminal.heldFeesOf
DA:232,0
FN:248,JBPayoutRedemptionPaymentTerminal.supportsInterface
FNDA:0,JBPayoutRedemptionPaymentTerminal.supportsInterface
DA:255,0
FN:343,JBPayoutRedemptionPaymentTerminal.pay
FNDA:3340,JBPayoutRedemptionPaymentTerminal.pay
DA:356,3340
BRDA:356,0,0,-
BRDA:356,0,1,-
DA:357,0
BRDA:357,1,0,-
BRDA:357,1,1,-
DA:360,0
DA:363,0
DA:366,0
DA:369,3340
DA:371,3340
FN:402,JBPayoutRedemptionPaymentTerminal.redeemTokensOf
FNDA:771,JBPayoutRedemptionPaymentTerminal.redeemTokensOf
DA:420,771
FN:454,JBPayoutRedemptionPaymentTerminal.distributePayoutsOf
FNDA:0,JBPayoutRedemptionPaymentTerminal.distributePayoutsOf
DA:464,0
FN:487,JBPayoutRedemptionPaymentTerminal.useAllowanceOf
FNDA:0,JBPayoutRedemptionPaymentTerminal.useAllowanceOf
DA:504,0
FN:519,JBPayoutRedemptionPaymentTerminal.migrate
FNDA:0,JBPayoutRedemptionPaymentTerminal.migrate
DA:527,0
BRDA:527,2,0,-
BRDA:527,2,1,-
DA:530,0
DA:533,0
BRDA:533,3,0,-
BRDA:533,3,1,-
DA:535,0
DA:538,0
DA:541,0
DA:544,0
FN:557,JBPayoutRedemptionPaymentTerminal.addToBalanceOf
FNDA:0,JBPayoutRedemptionPaymentTerminal.addToBalanceOf
DA:567,0
BRDA:567,4,0,-
BRDA:567,4,1,-
DA:569,0
BRDA:569,5,0,-
BRDA:569,5,1,-
DA:572,0
DA:575,0
DA:578,0
DA:581,0
DA:584,0
FN:596,JBPayoutRedemptionPaymentTerminal.processFees
FNDA:0,JBPayoutRedemptionPaymentTerminal.processFees
DA:608,0
DA:611,0
DA:614,0
DA:617,0
DA:619,0
DA:626,0
DA:628,0
DA:631,0
FN:645,JBPayoutRedemptionPaymentTerminal.setFee
FNDA:0,JBPayoutRedemptionPaymentTerminal.setFee
DA:647,0
BRDA:647,6,0,-
BRDA:647,6,1,-
DA:650,0
DA:652,0
FN:664,JBPayoutRedemptionPaymentTerminal.setFeeGauge
FNDA:0,JBPayoutRedemptionPaymentTerminal.setFeeGauge
DA:666,0
DA:668,0
FN:681,JBPayoutRedemptionPaymentTerminal.setFeelessAddress
FNDA:0,JBPayoutRedemptionPaymentTerminal.setFeelessAddress
DA:683,0
DA:685,0
FN:700,JBPayoutRedemptionPaymentTerminal._transferFrom
FNDA:0,JBPayoutRedemptionPaymentTerminal._transferFrom
FN:717,JBPayoutRedemptionPaymentTerminal._beforeTransferTo
FNDA:4111,JBPayoutRedemptionPaymentTerminal._beforeTransferTo
FN:739,JBPayoutRedemptionPaymentTerminal._redeemTokensOf
FNDA:771,JBPayoutRedemptionPaymentTerminal._redeemTokensOf
DA:749,771
BRDA:749,7,0,-
BRDA:749,7,1,771
DA:753,771
DA:757,771
DA:760,771
DA:769,771
BRDA:769,8,0,-
BRDA:769,8,1,771
DA:772,771
BRDA:772,9,0,-
BRDA:772,9,1,-
DA:773,0
DA:782,771
BRDA:782,10,0,-
BRDA:782,10,1,771
DA:784,771
DA:786,771
DA:798,771
DA:800,771
DA:802,771
DA:805,771
DA:808,771
DA:811,771
BRDA:811,11,0,771
BRDA:811,11,1,771
DA:814,771
DA:816,771
DA:818,771
DA:825,771
DA:832,771
BRDA:832,12,0,771
BRDA:832,12,1,771
DA:834,771
FN:869,JBPayoutRedemptionPaymentTerminal._distributePayoutsOf
FNDA:0,JBPayoutRedemptionPaymentTerminal._distributePayoutsOf
DA:877,0
DA:884,0
BRDA:884,13,0,-
BRDA:884,13,1,-
DA:888,0
DA:892,0
DA:898,0
DA:903,0
DA:906,0
DA:910,0
DA:918,0
BRDA:918,14,0,-
BRDA:918,14,1,-
DA:921,0
DA:926,0
DA:937,0
BRDA:937,15,0,-
BRDA:937,15,1,-
DA:939,0
DA:944,0
DA:948,0
FN:981,JBPayoutRedemptionPaymentTerminal._useAllowanceOf
FNDA:0,JBPayoutRedemptionPaymentTerminal._useAllowanceOf
DA:990,0
DA:997,0
BRDA:997,16,0,-
BRDA:997,16,1,-
DA:1002,0
DA:1005,0
DA:1009,0
DA:1014,0
DA:1020,0
DA:1024,0
BRDA:1024,17,0,-
BRDA:1024,17,1,-
DA:1025,0
DA:1028,0
FN:1054,JBPayoutRedemptionPaymentTerminal._distributeToPayoutSplitsOf
FNDA:0,JBPayoutRedemptionPaymentTerminal._distributeToPayoutSplitsOf
DA:1062,0
DA:1064,0
DA:1067,0
DA:1070,0
DA:1072,0
DA:1075,0
DA:1080,0
DA:1083,0
DA:1085,0
BRDA:1085,18,0,-
BRDA:1085,18,1,-
DA:1088,0
BRDA:1088,19,0,-
BRDA:1088,19,1,-
DA:1091,0
BRDA:1090,20,0,-
BRDA:1090,20,1,-
DA:1094,0
DA:1098,0
DA:1102,0
DA:1106,0
DA:1109,0
DA:1120,0
DA:1123,0
BRDA:1123,21,0,-
BRDA:1123,21,1,-
DA:1125,0
DA:1128,0
BRDA:1128,22,0,-
BRDA:1128,22,1,-
DA:1131,0
BRDA:1131,23,0,-
BRDA:1131,23,1,-
DA:1133,0
DA:1136,0
DA:1137,0
DA:1140,0
BRDA:1140,24,0,-
BRDA:1140,24,1,-
DA:1141,0
DA:1143,0
DA:1156,0
BRDA:1155,25,0,-
BRDA:1155,25,1,-
DA:1158,0
DA:1162,0
DA:1165,0
DA:1169,0
DA:1172,0
DA:1175,0
DA:1176,0
DA:1179,0
BRDA:1179,26,0,-
BRDA:1179,26,1,-
DA:1180,0
DA:1188,0
DA:1201,0
DA:1207,0
BRDA:1207,27,0,-
BRDA:1207,27,1,-
DA:1208,0
DA:1212,0
DA:1215,0
DA:1219,0
DA:1224,0
DA:1228,0
DA:1238,0
FN:1255,JBPayoutRedemptionPaymentTerminal._takeFeeFrom
FNDA:0,JBPayoutRedemptionPaymentTerminal._takeFeeFrom
DA:1262,0
DA:1264,0
BRDA:1264,28,0,-
BRDA:1264,28,1,-
DA:1266,0
DA:1268,0
DA:1271,0
DA:1273,0
FN:1284,JBPayoutRedemptionPaymentTerminal._processFee
FNDA:0,JBPayoutRedemptionPaymentTerminal._processFee
DA:1286,0
DA:1289,0
BRDA:1289,29,0,-
BRDA:1289,29,1,-
DA:1290,0
DA:1302,0
DA:1305,0
DA:1308,0
FN:1336,JBPayoutRedemptionPaymentTerminal._pay
FNDA:3340,JBPayoutRedemptionPaymentTerminal._pay
DA:1347,3340
BRDA:1347,30,0,-
BRDA:1347,30,1,3340
DA:1351,3340
DA:1355,3340
DA:1356,3340
DA:1359,3340
DA:1362,3340
DA:1373,3340
BRDA:1373,31,0,-
BRDA:1373,31,1,3340
DA:1375,3340
DA:1385,3340
BRDA:1385,32,0,-
BRDA:1385,32,1,3340
DA:1388,3340
BRDA:1388,33,0,-
BRDA:1388,33,1,3340
DA:1390,3340
DA:1392,3340
DA:1406,3340
DA:1408,3340
DA:1410,3340
DA:1413,3340
DA:1416,3340
DA:1419,3340
BRDA:1419,34,0,3340
BRDA:1419,34,1,3340
DA:1422,3340
DA:1424,3340
DA:1426,3340
DA:1434,3340
DA:1440,3340
FN:1464,JBPayoutRedemptionPaymentTerminal._addToBalanceOf
FNDA:0,JBPayoutRedemptionPaymentTerminal._addToBalanceOf
DA:1472,0
DA:1475,0
DA:1477,0
FN:1489,JBPayoutRedemptionPaymentTerminal._refundHeldFees
FNDA:0,JBPayoutRedemptionPaymentTerminal._refundHeldFees
DA:1494,0
DA:1497,0
DA:1500,0
DA:1503,0
DA:1506,0
DA:1507,0
BRDA:1507,35,0,-
BRDA:1507,35,1,-
DA:1508,0
BRDA:1508,36,0,-
BRDA:1508,36,1,-
DA:1510,0
DA:1511,0
DA:1519,0
DA:1527,0
DA:1529,0
DA:1533,0
DA:1537,0
FN:1550,JBPayoutRedemptionPaymentTerminal._feeAmount
FNDA:0,JBPayoutRedemptionPaymentTerminal._feeAmount
DA:1556,0
DA:1560,0
FN:1572,JBPayoutRedemptionPaymentTerminal._currentFeeDiscount
FNDA:0,JBPayoutRedemptionPaymentTerminal._currentFeeDiscount
DA:1575,0
BRDA:1574,37,0,-
BRDA:1574,37,1,-
DA:1577,0
DA:1580,0
BRDA:1580,38,0,-
BRDA:1580,38,1,-
DA:1582,0
DA:1589,0
FNF:26
FNH:5
LF:197
LH:48
BRF:78
BRH:13
end_of_record
TN:
SF:node_modules/@jbx-protocol/juice-contracts-v3/contracts/abstract/JBSingleTokenPaymentTerminal.sol
FN:55,JBSingleTokenPaymentTerminal.acceptsToken
FNDA:0,JBSingleTokenPaymentTerminal.acceptsToken
DA:58,0
FN:69,JBSingleTokenPaymentTerminal.decimalsForToken
FNDA:0,JBSingleTokenPaymentTerminal.decimalsForToken
DA:72,0
FN:83,JBSingleTokenPaymentTerminal.currencyForToken
FNDA:0,JBSingleTokenPaymentTerminal.currencyForToken
DA:86,0
FN:102,JBSingleTokenPaymentTerminal.supportsInterface
FNDA:0,JBSingleTokenPaymentTerminal.supportsInterface
DA:109,0
FNF:4
FNH:0
LF:4
LH:0
BRF:0
BRH:0
end_of_record
TN:
SF:node_modules/@jbx-protocol/juice-contracts-v3/contracts/libraries/JBFixedPointNumber.sol
FN:5,JBFixedPointNumber.adjustDecimals
FNDA:0,JBFixedPointNumber.adjustDecimals
DA:11,0
BRDA:11,0,0,-
BRDA:11,0,1,-
DA:12,0
BRDA:12,1,0,-
BRDA:12,1,1,-
DA:13,0
FNF:1
FNH:0
LF:3
LH:0
BRF:4
BRH:0
end_of_record
TN:
SF:node_modules/@jbx-protocol/juice-contracts-v3/contracts/libraries/JBFundingCycleMetadataResolver.sol
FN:11,JBFundingCycleMetadataResolver.global
FNDA:0,JBFundingCycleMetadataResolver.global
DA:16,0
FN:19,JBFundingCycleMetadataResolver.reservedRate
FNDA:0,JBFundingCycleMetadataResolver.reservedRate
DA:20,0
FN:23,JBFundingCycleMetadataResolver.redemptionRate
FNDA:0,JBFundingCycleMetadataResolver.redemptionRate
DA:25,0
FN:28,JBFundingCycleMetadataResolver.ballotRedemptionRate
FNDA:0,JBFundingCycleMetadataResolver.ballotRedemptionRate
DA:34,0
FN:37,JBFundingCycleMetadataResolver.payPaused
FNDA:0,JBFundingCycleMetadataResolver.payPaused
DA:38,0
FN:41,JBFundingCycleMetadataResolver.distributionsPaused
FNDA:0,JBFundingCycleMetadataResolver.distributionsPaused
DA:42,0
FN:45,JBFundingCycleMetadataResolver.redeemPaused
FNDA:0,JBFundingCycleMetadataResolver.redeemPaused
DA:46,0
FN:49,JBFundingCycleMetadataResolver.burnPaused
FNDA:0,JBFundingCycleMetadataResolver.burnPaused
DA:50,0
FN:53,JBFundingCycleMetadataResolver.mintingAllowed
FNDA:0,JBFundingCycleMetadataResolver.mintingAllowed
DA:54,0
FN:57,JBFundingCycleMetadataResolver.terminalMigrationAllowed
FNDA:0,JBFundingCycleMetadataResolver.terminalMigrationAllowed
DA:62,0
FN:65,JBFundingCycleMetadataResolver.controllerMigrationAllowed
FNDA:0,JBFundingCycleMetadataResolver.controllerMigrationAllowed
DA:70,0
FN:73,JBFundingCycleMetadataResolver.shouldHoldFees
FNDA:0,JBFundingCycleMetadataResolver.shouldHoldFees
DA:74,0
FN:77,JBFundingCycleMetadataResolver.preferClaimedTokenOverride
FNDA:0,JBFundingCycleMetadataResolver.preferClaimedTokenOverride
DA:82,0
FN:85,JBFundingCycleMetadataResolver.useTotalOverflowForRedemptions
FNDA:0,JBFundingCycleMetadataResolver.useTotalOverflowForRedemptions
DA:90,0
FN:93,JBFundingCycleMetadataResolver.useDataSourceForPay
FNDA:0,JBFundingCycleMetadataResolver.useDataSourceForPay
DA:94,0
FN:97,JBFundingCycleMetadataResolver.useDataSourceForRedeem
FNDA:0,JBFundingCycleMetadataResolver.useDataSourceForRedeem
DA:102,0
FN:105,JBFundingCycleMetadataResolver.dataSource
FNDA:0,JBFundingCycleMetadataResolver.dataSource
DA:106,0
FN:109,JBFundingCycleMetadataResolver.metadata
FNDA:0,JBFundingCycleMetadataResolver.metadata
DA:110,0
FN:121,JBFundingCycleMetadataResolver.packFundingCycleMetadata
FNDA:0,JBFundingCycleMetadataResolver.packFundingCycleMetadata
DA:127,0
DA:129,0
DA:133,0
DA:136,0
DA:139,0
DA:141,0
BRDA:141,0,0,-
BRDA:141,0,1,-
DA:143,0
BRDA:143,1,0,-
BRDA:143,1,1,-
DA:145,0
BRDA:145,2,0,-
BRDA:145,2,1,-
DA:147,0
BRDA:147,3,0,-
BRDA:147,3,1,-
DA:149,0
BRDA:149,4,0,-
BRDA:149,4,1,-
DA:151,0
BRDA:151,5,0,-
BRDA:151,5,1,-
DA:153,0
BRDA:153,6,0,-
BRDA:153,6,1,-
DA:155,0
BRDA:155,7,0,-
BRDA:155,7,1,-
DA:157,0
BRDA:157,8,0,-
BRDA:157,8,1,-
DA:159,0
BRDA:159,9,0,-
BRDA:159,9,1,-
DA:161,0
BRDA:161,10,0,-
BRDA:161,10,1,-
DA:163,0
BRDA:163,11,0,-
BRDA:163,11,1,-
DA:165,0
DA:167,0
FN:178,JBFundingCycleMetadataResolver.expandMetadata
FNDA:0,JBFundingCycleMetadataResolver.expandMetadata
DA:183,0
FNF:20
FNH:0
LF:38
LH:0
BRF:24
BRH:0
end_of_record
TN:
SF:node_modules/@jbx-protocol/juice-contracts-v3/contracts/libraries/JBGlobalFundingCycleMetadataResolver.sol
FN:7,JBGlobalFundingCycleMetadataResolver.setTerminalsAllowed
FNDA:0,JBGlobalFundingCycleMetadataResolver.setTerminalsAllowed
DA:8,0
FN:11,JBGlobalFundingCycleMetadataResolver.setControllerAllowed
FNDA:0,JBGlobalFundingCycleMetadataResolver.setControllerAllowed
DA:12,0
FN:15,JBGlobalFundingCycleMetadataResolver.transfersPaused
FNDA:0,JBGlobalFundingCycleMetadataResolver.transfersPaused
DA:16,0
FN:27,JBGlobalFundingCycleMetadataResolver.packFundingCycleGlobalMetadata
FNDA:0,JBGlobalFundingCycleMetadataResolver.packFundingCycleGlobalMetadata
DA:33,0
BRDA:33,0,0,-
BRDA:33,0,1,-
DA:35,0
BRDA:35,1,0,-
BRDA:35,1,1,-
DA:37,0
BRDA:37,2,0,-
BRDA:37,2,1,-
FN:48,JBGlobalFundingCycleMetadataResolver.expandMetadata
FNDA:0,JBGlobalFundingCycleMetadataResolver.expandMetadata
DA:53,0
FNF:5
FNH:0
LF:7
LH:0
BRF:6
BRH:0
end_of_record
TN:
SF:node_modules/@openzeppelin/contracts/access/Ownable.sol
FN:43,Ownable.owner
FNDA:256,Ownable.owner
DA:44,14120
FN:50,Ownable._checkOwner
FNDA:13864,Ownable._checkOwner
DA:51,13864
BRDA:51,0,0,256
BRDA:51,0,1,13608
FN:61,Ownable.renounceOwnership
FNDA:0,Ownable.renounceOwnership
DA:62,0
FN:69,Ownable.transferOwnership
FNDA:10272,Ownable.transferOwnership
DA:70,10272
BRDA:70,1,0,-
BRDA:70,1,1,10272
DA:71,10272
FN:78,Ownable._transferOwnership
FNDA:15151,Ownable._transferOwnership
DA:79,15151
DA:80,15151
DA:81,15151
FNF:5
FNH:4
LF:8
LH:7
BRF:4
BRH:3
end_of_record
TN:
SF:node_modules/@openzeppelin/contracts/governance/utils/Votes.sol
FN:47,Votes.getVotes
FNDA:0,Votes.getVotes
DA:48,0
FN:58,Votes.getPastVotes
FNDA:0,Votes.getPastVotes
DA:59,0
FN:73,Votes.getPastTotalSupply
FNDA:0,Votes.getPastTotalSupply
DA:74,0
BRDA:74,0,0,-
BRDA:74,0,1,-
DA:75,0
FN:81,Votes._getTotalSupply
FNDA:0,Votes._getTotalSupply
DA:82,0
FN:88,Votes.delegates
FNDA:0,Votes.delegates
DA:89,6680
FN:95,Votes.delegate
FNDA:0,Votes.delegate
DA:96,0
DA:97,0
FN:103,Votes.delegateBySig
FNDA:0,Votes.delegateBySig
DA:111,0
BRDA:111,1,0,-
BRDA:111,1,1,-
DA:112,0
DA:118,0
BRDA:118,2,0,-
BRDA:118,2,1,-
DA:119,0
FN:127,Votes._delegate
FNDA:0,Votes._delegate
DA:128,0
DA:129,0
DA:131,0
DA:132,0
FN:139,Votes._transferVotingUnits
FNDA:3340,Votes._transferVotingUnits
DA:144,3340
BRDA:144,3,0,3340
BRDA:144,3,1,3340
DA:145,3340
DA:147,3340
BRDA:147,4,0,-
BRDA:147,4,1,3340
DA:148,0
DA:150,3340
FN:156,Votes._moveDelegateVotes
FNDA:3340,Votes._moveDelegateVotes
DA:161,3340
BRDA:161,5,0,-
BRDA:161,5,1,-
DA:162,0
BRDA:162,6,0,-
BRDA:162,6,1,-
DA:163,0
DA:164,0
DA:166,0
BRDA:166,7,0,-
BRDA:166,7,1,-
DA:167,0
DA:168,0
FN:173,Votes._add
FNDA:3340,Votes._add
DA:174,3340
FN:177,Votes._subtract
FNDA:0,Votes._subtract
DA:178,0
FN:186,Votes._useNonce
FNDA:0,Votes._useNonce
DA:187,0
DA:188,0
DA:189,0
FN:195,Votes.nonces
FNDA:0,Votes.nonces
DA:196,0
FN:203,Votes.DOMAIN_SEPARATOR
FNDA:0,Votes.DOMAIN_SEPARATOR
DA:204,0
FNF:15
FNH:3
LF:35
LH:7
BRF:16
BRH:3
end_of_record
TN:
SF:node_modules/@openzeppelin/contracts/proxy/Clones.sol
FN:25,Clones.clone
FNDA:0,Clones.clone
DA:32,0
DA:34,0
BRDA:34,0,0,-
BRDA:34,0,1,-
FN:44,Clones.cloneDeterministic
FNDA:0,Clones.cloneDeterministic
DA:51,0
DA:53,0
BRDA:53,1,0,-
BRDA:53,1,1,-
FN:59,Clones.predictDeterministicAddress
FNDA:0,Clones.predictDeterministicAddress
DA:73,0
FN:80,Clones.predictDeterministicAddress
FNDA:0,Clones.predictDeterministicAddress
DA:85,0
FNF:4
FNH:0
LF:6
LH:0
BRF:4
BRH:0
end_of_record
TN:
SF:node_modules/@openzeppelin/contracts/token/ERC20/ERC20.sol
FN:62,ERC20.name
FNDA:0,ERC20.name
DA:63,0
FN:70,ERC20.symbol
FNDA:0,ERC20.symbol
DA:71,0
FN:87,ERC20.decimals
FNDA:0,ERC20.decimals
DA:88,0
FN:94,ERC20.totalSupply
FNDA:0,ERC20.totalSupply
DA:95,0
FN:101,ERC20.balanceOf
FNDA:0,ERC20.balanceOf
DA:102,0
FN:113,ERC20.transfer
FNDA:0,ERC20.transfer
DA:114,0
DA:115,0
DA:116,0
FN:122,ERC20.allowance
FNDA:0,ERC20.allowance
DA:123,0
FN:136,ERC20.approve
FNDA:0,ERC20.approve
DA:137,0
DA:138,0
DA:139,0
FN:158,ERC20.transferFrom
FNDA:0,ERC20.transferFrom
DA:163,0
DA:164,0
DA:165,0
DA:166,0
FN:181,ERC20.increaseAllowance
FNDA:0,ERC20.increaseAllowance
DA:182,0
DA:183,0
DA:184,0
FN:201,ERC20.decreaseAllowance
FNDA:0,ERC20.decreaseAllowance
DA:202,0
DA:203,0
DA:204,0
BRDA:204,0,0,-
BRDA:204,0,1,-
DA:206,0
DA:209,0
FN:226,ERC20._transfer
FNDA:0,ERC20._transfer
DA:231,0
BRDA:231,1,0,-
BRDA:231,1,1,-
DA:232,0
BRDA:232,2,0,-
BRDA:232,2,1,-
DA:234,0
DA:236,0
DA:237,0
BRDA:237,3,0,-
BRDA:237,3,1,-
DA:239,0
DA:241,0
DA:243,0
DA:245,0
FN:257,ERC20._mint
FNDA:0,ERC20._mint
DA:258,0
BRDA:258,4,0,-
BRDA:258,4,1,-
DA:260,0
DA:262,0
DA:263,0
DA:264,0
DA:266,0
FN:280,ERC20._burn
FNDA:0,ERC20._burn
DA:281,0
BRDA:281,5,0,-
BRDA:281,5,1,-
DA:283,0
DA:285,0
DA:286,0
BRDA:286,6,0,-
BRDA:286,6,1,-
DA:288,0
DA:290,0
DA:292,0
DA:294,0
FN:310,ERC20._approve
FNDA:0,ERC20._approve
DA:315,0
BRDA:315,7,0,-
BRDA:315,7,1,-
DA:316,0
BRDA:316,8,0,-
BRDA:316,8,1,-
DA:318,0
DA:319,0
FN:330,ERC20._spendAllowance
FNDA:0,ERC20._spendAllowance
DA:335,0
DA:336,0
BRDA:336,9,0,-
BRDA:336,9,1,-
DA:337,0
BRDA:337,10,0,-
BRDA:337,10,1,-
DA:339,0
FN:358,ERC20._beforeTokenTransfer
FNDA:0,ERC20._beforeTokenTransfer
FN:378,ERC20._afterTokenTransfer
FNDA:0,ERC20._afterTokenTransfer
FNF:18
FNH:0
LF:55
LH:0
BRF:22
BRH:0
end_of_record
TN:
SF:node_modules/@openzeppelin/contracts/token/ERC20/extensions/ERC20Votes.sol
FN:43,ERC20Votes.checkpoints
FNDA:0,ERC20Votes.checkpoints
DA:44,0
FN:50,ERC20Votes.numCheckpoints
FNDA:0,ERC20Votes.numCheckpoints
DA:51,0
FN:57,ERC20Votes.delegates
FNDA:0,ERC20Votes.delegates
DA:58,0
FN:64,ERC20Votes.getVotes
FNDA:0,ERC20Votes.getVotes
DA:65,0
DA:66,0
FN:76,ERC20Votes.getPastVotes
FNDA:0,ERC20Votes.getPastVotes
DA:77,0
BRDA:77,0,0,-
BRDA:77,0,1,-
DA:78,0
FN:89,ERC20Votes.getPastTotalSupply
FNDA:0,ERC20Votes.getPastTotalSupply
DA:90,0
BRDA:90,1,0,-
BRDA:90,1,1,-
DA:91,0
FN:97,ERC20Votes._checkpointsLookup
FNDA:0,ERC20Votes._checkpointsLookup
DA:109,0
DA:110,0
DA:111,0
DA:112,0
DA:113,0
BRDA:113,2,0,-
BRDA:113,2,1,-
DA:114,0
DA:116,0
DA:120,0
FN:126,ERC20Votes.delegate
FNDA:0,ERC20Votes.delegate
DA:127,0
FN:133,ERC20Votes.delegateBySig
FNDA:0,ERC20Votes.delegateBySig
DA:141,0
BRDA:141,3,0,-
BRDA:141,3,1,-
DA:142,0
DA:148,0
BRDA:148,4,0,-
BRDA:148,4,1,-
DA:149,0
FN:155,ERC20Votes._maxSupply
FNDA:0,ERC20Votes._maxSupply
DA:156,0
FN:162,ERC20Votes._mint
FNDA:0,ERC20Votes._mint
DA:163,0
DA:164,0
BRDA:164,5,0,-
BRDA:164,5,1,-
DA:166,0
FN:172,ERC20Votes._burn
FNDA:0,ERC20Votes._burn
DA:173,0
DA:175,0
FN:183,ERC20Votes._afterTokenTransfer
FNDA:0,ERC20Votes._afterTokenTransfer
DA:188,0
DA:190,0
FN:198,ERC20Votes._delegate
FNDA:0,ERC20Votes._delegate
DA:199,0
DA:200,0
DA:201,0
DA:203,0
DA:205,0
FN:208,ERC20Votes._moveVotingPower
FNDA:0,ERC20Votes._moveVotingPower
DA:213,0
BRDA:213,6,0,-
BRDA:213,6,1,-
DA:214,0
BRDA:214,7,0,-
BRDA:214,7,1,-
DA:215,0
DA:216,0
DA:219,0
BRDA:219,8,0,-
BRDA:219,8,1,-
DA:220,0
DA:221,0
FN:226,ERC20Votes._writeCheckpoint
FNDA:0,ERC20Votes._writeCheckpoint
DA:231,0
DA:232,0
DA:233,0
DA:235,0
BRDA:235,9,0,-
BRDA:235,9,1,-
DA:236,0
DA:238,0
FN:242,ERC20Votes._add
FNDA:0,ERC20Votes._add
DA:243,0
FN:246,ERC20Votes._subtract
FNDA:0,ERC20Votes._subtract
DA:247,0
FNF:18
FNH:0
LF:50
LH:0
BRF:20
BRH:0
end_of_record
TN:
SF:node_modules/@openzeppelin/contracts/token/ERC20/extensions/draft-ERC20Permit.sol
FN:49,ERC20Permit.permit
FNDA:0,ERC20Permit.permit
DA:58,0
BRDA:58,0,0,-
BRDA:58,0,1,-
DA:60,0
DA:62,0
DA:64,0
DA:65,0
BRDA:65,1,0,-
BRDA:65,1,1,-
DA:67,0
FN:73,ERC20Permit.nonces
FNDA:0,ERC20Permit.nonces
DA:74,0
FN:81,ERC20Permit.DOMAIN_SEPARATOR
FNDA:0,ERC20Permit.DOMAIN_SEPARATOR
DA:82,0
FN:90,ERC20Permit._useNonce
FNDA:0,ERC20Permit._useNonce
DA:91,0
DA:92,0
DA:93,0
FNF:4
FNH:0
LF:11
LH:0
BRF:4
BRH:0
end_of_record
TN:
SF:node_modules/@openzeppelin/contracts/token/ERC20/utils/SafeERC20.sol
FN:22,SafeERC20.safeTransfer
FNDA:0,SafeERC20.safeTransfer
DA:27,0
FN:30,SafeERC20.safeTransferFrom
FNDA:0,SafeERC20.safeTransferFrom
DA:36,0
FN:46,SafeERC20.safeApprove
FNDA:0,SafeERC20.safeApprove
DA:54,0
BRDA:54,0,0,-
BRDA:54,0,1,-
DA:58,0
FN:61,SafeERC20.safeIncreaseAllowance
FNDA:0,SafeERC20.safeIncreaseAllowance
DA:66,0
DA:67,0
FN:70,SafeERC20.safeDecreaseAllowance
FNDA:0,SafeERC20.safeDecreaseAllowance
DA:76,0
DA:77,0
BRDA:77,1,0,-
BRDA:77,1,1,-
DA:78,0
DA:79,0
FN:83,SafeERC20.safePermit
FNDA:0,SafeERC20.safePermit
DA:93,0
DA:94,0
DA:95,0
DA:96,0
BRDA:96,2,0,-
BRDA:96,2,1,-
FN:105,SafeERC20._callOptionalReturn
FNDA:0,SafeERC20._callOptionalReturn
DA:110,0
DA:111,0
BRDA:111,3,0,-
BRDA:111,3,1,-
DA:113,0
BRDA:113,4,0,-
BRDA:113,4,1,-
FNF:7
FNH:0
LF:17
LH:0
BRF:10
BRH:0
end_of_record
TN:
SF:node_modules/@openzeppelin/contracts/token/ERC721/ERC721.sol
FN:52,ERC721.supportsInterface
FNDA:0,ERC721.supportsInterface
DA:53,0
FN:62,ERC721.balanceOf
FNDA:0,ERC721.balanceOf
DA:63,0
BRDA:63,0,0,-
BRDA:63,0,1,-
DA:64,0
FN:70,ERC721.ownerOf
FNDA:13360,ERC721.ownerOf
DA:71,13360
DA:72,13360
BRDA:72,1,0,-
BRDA:72,1,1,13360
DA:73,13360
FN:79,ERC721.name
FNDA:0,ERC721.name
DA:80,0
FN:86,ERC721.symbol
FNDA:0,ERC721.symbol
DA:87,0
FN:93,ERC721.tokenURI
FNDA:0,ERC721.tokenURI
DA:94,0
DA:96,0
DA:97,0
FN:105,ERC721._baseURI
FNDA:0,ERC721._baseURI
DA:106,0
FN:112,ERC721.approve
FNDA:0,ERC721.approve
DA:113,0
DA:114,0
BRDA:114,2,0,-
BRDA:114,2,1,-
DA:116,0
BRDA:116,3,0,-
BRDA:116,3,1,-
DA:121,0
FN:127,ERC721.getApproved
FNDA:0,ERC721.getApproved
DA:128,0
DA:130,0
FN:136,ERC721.setApprovalForAll
FNDA:0,ERC721.setApprovalForAll
DA:137,0
FN:143,ERC721.isApprovedForAll
FNDA:0,ERC721.isApprovedForAll
DA:144,0
FN:150,ERC721.transferFrom
FNDA:0,ERC721.transferFrom
DA:156,0
BRDA:156,4,0,-
BRDA:156,4,1,-
DA:158,0
FN:164,ERC721.safeTransferFrom
FNDA:0,ERC721.safeTransferFrom
DA:169,0
FN:175,ERC721.safeTransferFrom
FNDA:0,ERC721.safeTransferFrom
DA:181,0
BRDA:181,5,0,-
BRDA:181,5,1,-
DA:182,0
FN:203,ERC721._safeTransfer
FNDA:0,ERC721._safeTransfer
DA:209,0
DA:210,0
BRDA:210,6,0,-
BRDA:210,6,1,-
FN:221,ERC721._exists
FNDA:3340,ERC721._exists
DA:222,3340
FN:232,ERC721._isApprovedOrOwner
FNDA:0,ERC721._isApprovedOrOwner
DA:233,0
DA:234,0
FN:247,ERC721._safeMint
FNDA:3340,ERC721._safeMint
DA:248,3340
FN:255,ERC721._safeMint
FNDA:3340,ERC721._safeMint
DA:260,3340
DA:261,3340
BRDA:261,7,0,-
BRDA:261,7,1,3340
FN:279,ERC721._mint
FNDA:3340,ERC721._mint
DA:280,3340
BRDA:280,8,0,-
BRDA:280,8,1,3340
DA:281,3340
BRDA:281,9,0,-
BRDA:281,9,1,3340
DA:283,3340
DA:285,3340
DA:286,3340
DA:288,3340
DA:290,3340
FN:303,ERC721._burn
FNDA:0,ERC721._burn
DA:304,0
DA:306,0
DA:309,0
DA:311,0
DA:312,0
DA:314,0
DA:316,0
FN:330,ERC721._transfer
FNDA:0,ERC721._transfer
DA:335,0
BRDA:335,10,0,-
BRDA:335,10,1,-
DA:336,0
BRDA:336,11,0,-
BRDA:336,11,1,-
DA:338,0
DA:341,0
DA:343,0
DA:344,0
DA:345,0
DA:347,0
DA:349,0
FN:357,ERC721._approve
FNDA:0,ERC721._approve
DA:358,0
DA:359,0
FN:367,ERC721._setApprovalForAll
FNDA:0,ERC721._setApprovalForAll
DA:372,0
BRDA:372,12,0,-
BRDA:372,12,1,-
DA:373,0
DA:374,0
FN:380,ERC721._requireMinted
FNDA:0,ERC721._requireMinted
DA:381,0
BRDA:381,13,0,-
BRDA:381,13,1,-
FN:394,ERC721._checkOnERC721Received
FNDA:3340,ERC721._checkOnERC721Received
DA:400,3340
BRDA:400,14,0,-
BRDA:400,14,1,-
DA:401,0
DA:414,3340
FN:432,ERC721._beforeTokenTransfer
FNDA:3340,ERC721._beforeTokenTransfer
FN:449,ERC721._afterTokenTransfer
FNDA:3340,ERC721._afterTokenTransfer
FNF:28
FNH:8
LF:65
LH:16
BRF:30
BRH:4
end_of_record
TN:
SF:node_modules/@openzeppelin/contracts/token/ERC721/extensions/draft-ERC721Votes.sol
FN:25,ERC721Votes._afterTokenTransfer
FNDA:3340,ERC721Votes._afterTokenTransfer
DA:30,3340
DA:31,3340
FN:37,ERC721Votes._getVotingUnits
FNDA:0,ERC721Votes._getVotingUnits
DA:38,0
FNF:2
FNH:1
LF:3
LH:2
BRF:0
BRH:0
end_of_record
TN:
SF:node_modules/@openzeppelin/contracts/utils/Address.sol
FN:36,Address.isContract
FNDA:0,Address.isContract
DA:41,0
FN:60,Address.sendValue
FNDA:771,Address.sendValue
DA:61,771
BRDA:61,0,0,-
BRDA:61,0,1,771
DA:63,771
DA:64,771
BRDA:64,1,0,-
BRDA:64,1,1,771
FN:85,Address.functionCall
FNDA:0,Address.functionCall
DA:86,0
FN:95,Address.functionCall
FNDA:0,Address.functionCall
DA:100,0
FN:114,Address.functionCallWithValue
FNDA:0,Address.functionCallWithValue
DA:119,0
FN:128,Address.functionCallWithValue
FNDA:0,Address.functionCallWithValue
DA:134,0
BRDA:134,2,0,-
BRDA:134,2,1,-
DA:135,0
BRDA:135,3,0,-
BRDA:135,3,1,-
DA:137,0
DA:138,0
FN:147,Address.functionStaticCall
FNDA:0,Address.functionStaticCall
DA:148,0
FN:157,Address.functionStaticCall
FNDA:0,Address.functionStaticCall
DA:162,0
BRDA:162,4,0,-
BRDA:162,4,1,-
DA:164,0
DA:165,0
FN:174,Address.functionDelegateCall
FNDA:0,Address.functionDelegateCall
DA:175,0
FN:184,Address.functionDelegateCall
FNDA:0,Address.functionDelegateCall
DA:189,0
BRDA:189,5,0,-
BRDA:189,5,1,-
DA:191,0
DA:192,0
FN:201,Address.verifyCallResult
FNDA:0,Address.verifyCallResult
DA:206,0
BRDA:206,6,0,-
BRDA:206,6,1,-
DA:207,0
DA:210,0
BRDA:210,7,0,-
BRDA:210,7,1,-
DA:218,0
FNF:11
FNH:1
LF:23
LH:3
BRF:16
BRH:2
end_of_record
TN:
SF:node_modules/@openzeppelin/contracts/utils/Checkpoints.sol
FN:30,Checkpoints.latest
FNDA:0,Checkpoints.latest
DA:31,0
DA:32,0
FN:39,Checkpoints.getAtBlock
FNDA:0,Checkpoints.getAtBlock
DA:40,0
BRDA:40,0,0,-
BRDA:40,0,1,-
DA:42,0
DA:43,0
DA:44,0
DA:45,0
DA:46,0
BRDA:46,1,0,-
BRDA:46,1,1,-
DA:47,0
DA:49,0
DA:52,0
FN:60,Checkpoints.push
FNDA:0,Checkpoints.push
DA:61,0
DA:62,0
DA:63,0
BRDA:63,2,0,-
BRDA:63,2,1,-
DA:64,0
DA:66,0
DA:70,0
FN:79,Checkpoints.push
FNDA:0,Checkpoints.push
DA:84,0
FNF:4
FNH:0
LF:18
LH:0
BRF:6
BRH:0
end_of_record
TN:
SF:node_modules/@openzeppelin/contracts/utils/Context.sol
FN:17,Context._msgSender
FNDA:15929,Context._msgSender
DA:18,15929
FN:21,Context._msgData
FNDA:0,Context._msgData
DA:22,0
FNF:2
FNH:1
LF:2
LH:1
BRF:0
BRH:0
end_of_record
TN:
SF:node_modules/@openzeppelin/contracts/utils/Counters.sol
FN:22,Counters.current
FNDA:0,Counters.current
DA:23,0
FN:26,Counters.increment
FNDA:0,Counters.increment
DA:28,0
FN:32,Counters.decrement
FNDA:0,Counters.decrement
DA:33,0
DA:34,0
BRDA:34,0,0,-
BRDA:34,0,1,-
DA:36,0
FN:40,Counters.reset
FNDA:0,Counters.reset
DA:41,0
FNF:4
FNH:0
LF:6
LH:0
BRF:2
BRH:0
end_of_record
TN:
SF:node_modules/@openzeppelin/contracts/utils/Strings.sol
FN:16,Strings.toString
FNDA:0,Strings.toString
DA:20,0
BRDA:20,0,0,-
BRDA:20,0,1,-
DA:21,0
DA:23,0
DA:24,0
DA:25,0
DA:26,0
DA:27,0
DA:29,0
DA:30,0
DA:31,0
DA:32,0
DA:33,0
DA:35,0
FN:41,Strings.toHexString
FNDA:0,Strings.toHexString
DA:42,0
BRDA:42,1,0,-
BRDA:42,1,1,-
DA:43,0
DA:45,0
DA:46,0
DA:47,0
DA:48,0
DA:49,0
DA:51,0
FN:57,Strings.toHexString
FNDA:0,Strings.toHexString
DA:58,0
DA:59,0
DA:60,0
DA:61,0
DA:62,0
DA:63,0
DA:65,0
BRDA:65,2,0,-
BRDA:65,2,1,-
DA:66,0
FN:72,Strings.toHexString
FNDA:0,Strings.toHexString
DA:73,0
FNF:4
FNH:0
LF:30
LH:0
BRF:6
BRH:0
end_of_record
TN:
SF:node_modules/@openzeppelin/contracts/utils/cryptography/ECDSA.sol
FN:23,ECDSA._throwError
FNDA:0,ECDSA._throwError
DA:24,0
BRDA:24,0,0,-
BRDA:24,0,1,-
DA:25,0
DA:26,0
BRDA:26,1,0,-
BRDA:26,1,1,-
DA:27,0
DA:28,0
BRDA:28,2,0,-
BRDA:28,2,1,-
DA:29,0
DA:30,0
BRDA:30,3,0,-
BRDA:30,3,1,-
DA:31,0
DA:32,0
BRDA:32,4,0,-
BRDA:32,4,1,-
DA:33,0
FN:57,ECDSA.tryRecover
FNDA:0,ECDSA.tryRecover
DA:61,0
BRDA:61,5,0,-
BRDA:61,5,1,-
DA:62,0
DA:63,0
DA:64,0
DA:69,0
DA:70,0
DA:71,0
DA:73,0
DA:74,0
BRDA:74,6,0,-
BRDA:74,6,1,-
DA:75,0
DA:76,0
DA:81,0
DA:82,0
DA:84,0
DA:86,0
FN:104,ECDSA.recover
FNDA:0,ECDSA.recover
DA:105,0
DA:106,0
DA:107,0
FN:117,ECDSA.tryRecover
FNDA:0,ECDSA.tryRecover
DA:122,0
DA:123,0
DA:124,0
FN:132,ECDSA.recover
FNDA:0,ECDSA.recover
DA:137,0
DA:138,0
DA:139,0
FN:148,ECDSA.tryRecover
FNDA:0,ECDSA.tryRecover
DA:163,0
BRDA:163,7,0,-
BRDA:163,7,1,-
DA:164,0
DA:166,0
BRDA:166,8,0,-
BRDA:166,8,1,-
DA:167,0
DA:171,0
DA:172,0
BRDA:172,9,0,-
BRDA:172,9,1,-
DA:173,0
DA:176,0
FN:183,ECDSA.recover
FNDA:0,ECDSA.recover
DA:189,0
DA:190,0
DA:191,0
FN:202,ECDSA.toEthSignedMessageHash
FNDA:0,ECDSA.toEthSignedMessageHash
DA:205,0
FN:216,ECDSA.toEthSignedMessageHash
FNDA:0,ECDSA.toEthSignedMessageHash
DA:217,0
FN:229,ECDSA.toTypedDataHash
FNDA:0,ECDSA.toTypedDataHash
DA:230,0
FNF:10
FNH:0
LF:48
LH:0
BRF:20
BRH:0
end_of_record
TN:
SF:node_modules/@openzeppelin/contracts/utils/cryptography/draft-EIP712.sol
FN:70,EIP712._domainSeparatorV4
FNDA:0,EIP712._domainSeparatorV4
DA:71,0
BRDA:71,0,0,-
BRDA:71,0,1,-
DA:72,0
DA:74,0
FN:78,EIP712._buildDomainSeparator
FNDA:0,EIP712._buildDomainSeparator
DA:83,0
FN:101,EIP712._hashTypedDataV4
FNDA:0,EIP712._hashTypedDataV4
DA:102,0
FNF:3
FNH:0
LF:5
LH:0
BRF:2
BRH:0
end_of_record
TN:
SF:node_modules/@openzeppelin/contracts/utils/introspection/ERC165.sol
FN:26,ERC165.supportsInterface
FNDA:0,ERC165.supportsInterface
DA:27,0
FNF:1
FNH:0
LF:1
LH:0
BRF:0
BRH:0
end_of_record
TN:
SF:node_modules/@openzeppelin/contracts/utils/math/Math.sol
FN:19,Math.max
FNDA:0,Math.max
DA:20,0
FN:26,Math.min
FNDA:0,Math.min
DA:27,0
FN:34,Math.average
FNDA:0,Math.average
DA:36,0
FN:45,Math.ceilDiv
FNDA:0,Math.ceilDiv
DA:47,0
FN:55,Math.mulDiv
FNDA:0,Math.mulDiv
DA:64,0
DA:65,0
DA:68,0
DA:69,0
DA:73,0
BRDA:73,0,0,-
BRDA:73,0,1,-
DA:74,0
DA:78,0
BRDA:78,1,0,-
BRDA:78,1,1,-
DA:85,0
DA:88,0
DA:91,0
DA:92,0
DA:99,0
DA:102,0
DA:105,0
DA:108,0
DA:112,0
DA:117,0
DA:121,0
DA:122,0
DA:123,0
DA:124,0
DA:125,0
DA:126,0
DA:132,0
DA:133,0
FN:140,Math.mulDiv
FNDA:0,Math.mulDiv
DA:146,0
DA:147,0
BRDA:147,2,0,-
BRDA:147,2,1,-
DA:148,0
DA:150,0
FN:158,Math.sqrt
FNDA:0,Math.sqrt
DA:159,0
BRDA:159,3,0,-
BRDA:159,3,1,-
DA:160,0
DA:170,0
DA:171,0
DA:172,0
BRDA:172,4,0,-
BRDA:172,4,1,-
DA:173,0
DA:174,0
DA:176,0
BRDA:176,5,0,-
BRDA:176,5,1,-
DA:177,0
DA:178,0
DA:180,0
BRDA:180,6,0,-
BRDA:180,6,1,-
DA:181,0
DA:182,0
DA:184,0
BRDA:184,7,0,-
BRDA:184,7,1,-
DA:185,0
DA:186,0
DA:188,0
BRDA:188,8,0,-
BRDA:188,8,1,-
DA:189,0
DA:190,0
DA:192,0
BRDA:192,9,0,-
BRDA:192,9,1,-
DA:193,0
DA:194,0
DA:196,0
BRDA:196,10,0,-
BRDA:196,10,1,-
DA:197,0
DA:205,0
DA:206,0
DA:207,0
DA:208,0
DA:209,0
DA:210,0
DA:211,0
DA:212,0
FN:219,Math.sqrt
FNDA:0,Math.sqrt
DA:220,0
DA:221,0
BRDA:221,11,0,-
BRDA:221,11,1,-
DA:222,0
DA:224,0
FNF:8
FNH:0
LF:69
LH:0
BRF:24
BRH:0
end_of_record
TN:
SF:node_modules/@openzeppelin/contracts/utils/math/SafeCast.sol
FN:34,SafeCast.toUint248
FNDA:0,SafeCast.toUint248
DA:35,0
BRDA:35,0,0,-
BRDA:35,0,1,-
DA:36,0
FN:51,SafeCast.toUint240
FNDA:0,SafeCast.toUint240
DA:52,0
BRDA:52,1,0,-
BRDA:52,1,1,-
DA:53,0
FN:68,SafeCast.toUint232
FNDA:0,SafeCast.toUint232
DA:69,0
BRDA:69,2,0,-
BRDA:69,2,1,-
DA:70,0
FN:85,SafeCast.toUint224
FNDA:0,SafeCast.toUint224
DA:86,0
BRDA:86,3,0,-
BRDA:86,3,1,-
DA:87,0
FN:102,SafeCast.toUint216
FNDA:0,SafeCast.toUint216
DA:103,0
BRDA:103,4,0,-
BRDA:103,4,1,-
DA:104,0
FN:119,SafeCast.toUint208
FNDA:0,SafeCast.toUint208
DA:120,0
BRDA:120,5,0,-
BRDA:120,5,1,-
DA:121,0
FN:136,SafeCast.toUint200
FNDA:0,SafeCast.toUint200
DA:137,0
BRDA:137,6,0,-
BRDA:137,6,1,-
DA:138,0
FN:153,SafeCast.toUint192
FNDA:0,SafeCast.toUint192
DA:154,0
BRDA:154,7,0,-
BRDA:154,7,1,-
DA:155,0
FN:170,SafeCast.toUint184
FNDA:0,SafeCast.toUint184
DA:171,0
BRDA:171,8,0,-
BRDA:171,8,1,-
DA:172,0
FN:187,SafeCast.toUint176
FNDA:0,SafeCast.toUint176
DA:188,0
BRDA:188,9,0,-
BRDA:188,9,1,-
DA:189,0
FN:204,SafeCast.toUint168
FNDA:0,SafeCast.toUint168
DA:205,0
BRDA:205,10,0,-
BRDA:205,10,1,-
DA:206,0
FN:221,SafeCast.toUint160
FNDA:0,SafeCast.toUint160
DA:222,0
BRDA:222,11,0,-
BRDA:222,11,1,-
DA:223,0
FN:238,SafeCast.toUint152
FNDA:0,SafeCast.toUint152
DA:239,0
BRDA:239,12,0,-
BRDA:239,12,1,-
DA:240,0
FN:255,SafeCast.toUint144
FNDA:0,SafeCast.toUint144
DA:256,0
BRDA:256,13,0,-
BRDA:256,13,1,-
DA:257,0
FN:272,SafeCast.toUint136
FNDA:0,SafeCast.toUint136
DA:273,0
BRDA:273,14,0,-
BRDA:273,14,1,-
DA:274,0
FN:289,SafeCast.toUint128
FNDA:0,SafeCast.toUint128
DA:290,0
BRDA:290,15,0,-
BRDA:290,15,1,-
DA:291,0
FN:306,SafeCast.toUint120
FNDA:0,SafeCast.toUint120
DA:307,0
BRDA:307,16,0,-
BRDA:307,16,1,-
DA:308,0
FN:323,SafeCast.toUint112
FNDA:0,SafeCast.toUint112
DA:324,0
BRDA:324,17,0,-
BRDA:324,17,1,-
DA:325,0
FN:340,SafeCast.toUint104
FNDA:0,SafeCast.toUint104
DA:341,0
BRDA:341,18,0,-
BRDA:341,18,1,-
DA:342,0
FN:357,SafeCast.toUint96
FNDA:0,SafeCast.toUint96
DA:358,0
BRDA:358,19,0,-
BRDA:358,19,1,-
DA:359,0
FN:374,SafeCast.toUint88
FNDA:0,SafeCast.toUint88
DA:375,0
BRDA:375,20,0,-
BRDA:375,20,1,-
DA:376,0
FN:391,SafeCast.toUint80
FNDA:0,SafeCast.toUint80
DA:392,0
BRDA:392,21,0,-
BRDA:392,21,1,-
DA:393,0
FN:408,SafeCast.toUint72
FNDA:0,SafeCast.toUint72
DA:409,0
BRDA:409,22,0,-
BRDA:409,22,1,-
DA:410,0
FN:425,SafeCast.toUint64
FNDA:0,SafeCast.toUint64
DA:426,0
BRDA:426,23,0,-
BRDA:426,23,1,-
DA:427,0
FN:442,SafeCast.toUint56
FNDA:0,SafeCast.toUint56
DA:443,0
BRDA:443,24,0,-
BRDA:443,24,1,-
DA:444,0
FN:459,SafeCast.toUint48
FNDA:0,SafeCast.toUint48
DA:460,0
BRDA:460,25,0,-
BRDA:460,25,1,-
DA:461,0
FN:476,SafeCast.toUint40
FNDA:0,SafeCast.toUint40
DA:477,0
BRDA:477,26,0,-
BRDA:477,26,1,-
DA:478,0
FN:493,SafeCast.toUint32
FNDA:0,SafeCast.toUint32
DA:494,0
BRDA:494,27,0,-
BRDA:494,27,1,-
DA:495,0
FN:510,SafeCast.toUint24
FNDA:0,SafeCast.toUint24
DA:511,0
BRDA:511,28,0,-
BRDA:511,28,1,-
DA:512,0
FN:527,SafeCast.toUint16
FNDA:0,SafeCast.toUint16
DA:528,0
BRDA:528,29,0,-
BRDA:528,29,1,-
DA:529,0
FN:544,SafeCast.toUint8
FNDA:0,SafeCast.toUint8
DA:545,0
BRDA:545,30,0,-
BRDA:545,30,1,-
DA:546,0
FN:558,SafeCast.toUint256
FNDA:0,SafeCast.toUint256
DA:559,0
BRDA:559,31,0,-
BRDA:559,31,1,-
DA:560,0
FN:576,SafeCast.toInt248
FNDA:0,SafeCast.toInt248
DA:577,0
BRDA:577,32,0,-
BRDA:577,32,1,-
DA:578,0
FN:594,SafeCast.toInt240
FNDA:0,SafeCast.toInt240
DA:595,0
BRDA:595,33,0,-
BRDA:595,33,1,-
DA:596,0
FN:612,SafeCast.toInt232
FNDA:0,SafeCast.toInt232
DA:613,0
BRDA:613,34,0,-
BRDA:613,34,1,-
DA:614,0
FN:630,SafeCast.toInt224
FNDA:0,SafeCast.toInt224
DA:631,0
BRDA:631,35,0,-
BRDA:631,35,1,-
DA:632,0
FN:648,SafeCast.toInt216
FNDA:0,SafeCast.toInt216
DA:649,0
BRDA:649,36,0,-
BRDA:649,36,1,-
DA:650,0
FN:666,SafeCast.toInt208
FNDA:0,SafeCast.toInt208
DA:667,0
BRDA:667,37,0,-
BRDA:667,37,1,-
DA:668,0
FN:684,SafeCast.toInt200
FNDA:0,SafeCast.toInt200
DA:685,0
BRDA:685,38,0,-
BRDA:685,38,1,-
DA:686,0
FN:702,SafeCast.toInt192
FNDA:0,SafeCast.toInt192
DA:703,0
BRDA:703,39,0,-
BRDA:703,39,1,-
DA:704,0
FN:720,SafeCast.toInt184
FNDA:0,SafeCast.toInt184
DA:721,0
BRDA:721,40,0,-
BRDA:721,40,1,-
DA:722,0
FN:738,SafeCast.toInt176
FNDA:0,SafeCast.toInt176
DA:739,0
BRDA:739,41,0,-
BRDA:739,41,1,-
DA:740,0
FN:756,SafeCast.toInt168
FNDA:0,SafeCast.toInt168
DA:757,0
BRDA:757,42,0,-
BRDA:757,42,1,-
DA:758,0
FN:774,SafeCast.toInt160
FNDA:0,SafeCast.toInt160
DA:775,0
BRDA:775,43,0,-
BRDA:775,43,1,-
DA:776,0
FN:792,SafeCast.toInt152
FNDA:0,SafeCast.toInt152
DA:793,0
BRDA:793,44,0,-
BRDA:793,44,1,-
DA:794,0
FN:810,SafeCast.toInt144
FNDA:0,SafeCast.toInt144
DA:811,0
BRDA:811,45,0,-
BRDA:811,45,1,-
DA:812,0
FN:828,SafeCast.toInt136
FNDA:0,SafeCast.toInt136
DA:829,0
BRDA:829,46,0,-
BRDA:829,46,1,-
DA:830,0
FN:846,SafeCast.toInt128
FNDA:0,SafeCast.toInt128
DA:847,0
BRDA:847,47,0,-
BRDA:847,47,1,-
DA:848,0
FN:864,SafeCast.toInt120
FNDA:0,SafeCast.toInt120
DA:865,0
BRDA:865,48,0,-
BRDA:865,48,1,-
DA:866,0
FN:882,SafeCast.toInt112
FNDA:0,SafeCast.toInt112
DA:883,0
BRDA:883,49,0,-
BRDA:883,49,1,-
DA:884,0
FN:900,SafeCast.toInt104
FNDA:0,SafeCast.toInt104
DA:901,0
BRDA:901,50,0,-
BRDA:901,50,1,-
DA:902,0
FN:918,SafeCast.toInt96
FNDA:0,SafeCast.toInt96
DA:919,0
BRDA:919,51,0,-
BRDA:919,51,1,-
DA:920,0
FN:936,SafeCast.toInt88
FNDA:0,SafeCast.toInt88
DA:937,0
BRDA:937,52,0,-
BRDA:937,52,1,-
DA:938,0
FN:954,SafeCast.toInt80
FNDA:0,SafeCast.toInt80
DA:955,0
BRDA:955,53,0,-
BRDA:955,53,1,-
DA:956,0
FN:972,SafeCast.toInt72
FNDA:0,SafeCast.toInt72
DA:973,0
BRDA:973,54,0,-
BRDA:973,54,1,-
DA:974,0
FN:990,SafeCast.toInt64
FNDA:0,SafeCast.toInt64
DA:991,0
BRDA:991,55,0,-
BRDA:991,55,1,-
DA:992,0
FN:1008,SafeCast.toInt56
FNDA:0,SafeCast.toInt56
DA:1009,0
BRDA:1009,56,0,-
BRDA:1009,56,1,-
DA:1010,0
FN:1026,SafeCast.toInt48
FNDA:0,SafeCast.toInt48
DA:1027,0
BRDA:1027,57,0,-
BRDA:1027,57,1,-
DA:1028,0
FN:1044,SafeCast.toInt40
FNDA:0,SafeCast.toInt40
DA:1045,0
BRDA:1045,58,0,-
BRDA:1045,58,1,-
DA:1046,0
FN:1062,SafeCast.toInt32
FNDA:0,SafeCast.toInt32
DA:1063,0
BRDA:1063,59,0,-
BRDA:1063,59,1,-
DA:1064,0
FN:1080,SafeCast.toInt24
FNDA:0,SafeCast.toInt24
DA:1081,0
BRDA:1081,60,0,-
BRDA:1081,60,1,-
DA:1082,0
FN:1098,SafeCast.toInt16
FNDA:0,SafeCast.toInt16
DA:1099,0
BRDA:1099,61,0,-
BRDA:1099,61,1,-
DA:1100,0
FN:1116,SafeCast.toInt8
FNDA:0,SafeCast.toInt8
DA:1117,0
BRDA:1117,62,0,-
BRDA:1117,62,1,-
DA:1118,0
FN:1130,SafeCast.toInt256
FNDA:0,SafeCast.toInt256
DA:1132,0
BRDA:1132,63,0,-
BRDA:1132,63,1,-
DA:1133,0
FNF:64
FNH:0
LF:128
LH:0
BRF:128
BRH:0
end_of_record
TN:
SF:node_modules/prb-math/contracts/PRBMath.sol
FN:127,PRBMath.exp2
FNDA:0,PRBMath.exp2
DA:130,0
DA:134,0
BRDA:134,0,0,-
BRDA:134,0,1,-
DA:135,0
DA:137,0
BRDA:137,1,0,-
BRDA:137,1,1,-
DA:138,0
DA:140,0
BRDA:140,2,0,-
BRDA:140,2,1,-
DA:141,0
DA:143,0
BRDA:143,3,0,-
BRDA:143,3,1,-
DA:144,0
DA:146,0
BRDA:146,4,0,-
BRDA:146,4,1,-
DA:147,0
DA:149,0
BRDA:149,5,0,-
BRDA:149,5,1,-
DA:150,0
DA:152,0
BRDA:152,6,0,-
BRDA:152,6,1,-
DA:153,0
DA:155,0
BRDA:155,7,0,-
BRDA:155,7,1,-
DA:156,0
DA:158,0
BRDA:158,8,0,-
BRDA:158,8,1,-
DA:159,0
DA:161,0
BRDA:161,9,0,-
BRDA:161,9,1,-
DA:162,0
DA:164,0
BRDA:164,10,0,-
BRDA:164,10,1,-
DA:165,0
DA:167,0
BRDA:167,11,0,-
BRDA:167,11,1,-
DA:168,0
DA:170,0
BRDA:170,12,0,-
BRDA:170,12,1,-
DA:171,0
DA:173,0
BRDA:173,13,0,-
BRDA:173,13,1,-
DA:174,0
DA:176,0
BRDA:176,14,0,-
BRDA:176,14,1,-
DA:177,0
DA:179,0
BRDA:179,15,0,-
BRDA:179,15,1,-
DA:180,0
DA:182,0
BRDA:182,16,0,-
BRDA:182,16,1,-
DA:183,0
DA:185,0
BRDA:185,17,0,-
BRDA:185,17,1,-
DA:186,0
DA:188,0
BRDA:188,18,0,-
BRDA:188,18,1,-
DA:189,0
DA:191,0
BRDA:191,19,0,-
BRDA:191,19,1,-
DA:192,0
DA:194,0
BRDA:194,20,0,-
BRDA:194,20,1,-
DA:195,0
DA:197,0
BRDA:197,21,0,-
BRDA:197,21,1,-
DA:198,0
DA:200,0
BRDA:200,22,0,-
BRDA:200,22,1,-
DA:201,0
DA:203,0
BRDA:203,23,0,-
BRDA:203,23,1,-
DA:204,0
DA:206,0
BRDA:206,24,0,-
BRDA:206,24,1,-
DA:207,0
DA:209,0
BRDA:209,25,0,-
BRDA:209,25,1,-
DA:210,0
DA:212,0
BRDA:212,26,0,-
BRDA:212,26,1,-
DA:213,0
DA:215,0
BRDA:215,27,0,-
BRDA:215,27,1,-
DA:216,0
DA:218,0
BRDA:218,28,0,-
BRDA:218,28,1,-
DA:219,0
DA:221,0
BRDA:221,29,0,-
BRDA:221,29,1,-
DA:222,0
DA:224,0
BRDA:224,30,0,-
BRDA:224,30,1,-
DA:225,0
DA:227,0
BRDA:227,31,0,-
BRDA:227,31,1,-
DA:228,0
DA:230,0
BRDA:230,32,0,-
BRDA:230,32,1,-
DA:231,0
DA:233,0
BRDA:233,33,0,-
BRDA:233,33,1,-
DA:234,0
DA:236,0
BRDA:236,34,0,-
BRDA:236,34,1,-
DA:237,0
DA:239,0
BRDA:239,35,0,-
BRDA:239,35,1,-
DA:240,0
DA:242,0
BRDA:242,36,0,-
BRDA:242,36,1,-
DA:243,0
DA:245,0
BRDA:245,37,0,-
BRDA:245,37,1,-
DA:246,0
DA:248,0
BRDA:248,38,0,-
BRDA:248,38,1,-
DA:249,0
DA:251,0
BRDA:251,39,0,-
BRDA:251,39,1,-
DA:252,0
DA:254,0
BRDA:254,40,0,-
BRDA:254,40,1,-
DA:255,0
DA:257,0
BRDA:257,41,0,-
BRDA:257,41,1,-
DA:258,0
DA:260,0
BRDA:260,42,0,-
BRDA:260,42,1,-
DA:261,0
DA:263,0
BRDA:263,43,0,-
BRDA:263,43,1,-
DA:264,0
DA:266,0
BRDA:266,44,0,-
BRDA:266,44,1,-
DA:267,0
DA:269,0
BRDA:269,45,0,-
BRDA:269,45,1,-
DA:270,0
DA:272,0
BRDA:272,46,0,-
BRDA:272,46,1,-
DA:273,0
DA:275,0
BRDA:275,47,0,-
BRDA:275,47,1,-
DA:276,0
DA:278,0
BRDA:278,48,0,-
BRDA:278,48,1,-
DA:279,0
DA:281,0
BRDA:281,49,0,-
BRDA:281,49,1,-
DA:282,0
DA:284,0
BRDA:284,50,0,-
BRDA:284,50,1,-
DA:285,0
DA:287,0
BRDA:287,51,0,-
BRDA:287,51,1,-
DA:288,0
DA:290,0
BRDA:290,52,0,-
BRDA:290,52,1,-
DA:291,0
DA:293,0
BRDA:293,53,0,-
BRDA:293,53,1,-
DA:294,0
DA:296,0
BRDA:296,54,0,-
BRDA:296,54,1,-
DA:297,0
DA:299,0
BRDA:299,55,0,-
BRDA:299,55,1,-
DA:300,0
DA:302,0
BRDA:302,56,0,-
BRDA:302,56,1,-
DA:303,0
DA:305,0
BRDA:305,57,0,-
BRDA:305,57,1,-
DA:306,0
DA:308,0
BRDA:308,58,0,-
BRDA:308,58,1,-
DA:309,0
DA:311,0
BRDA:311,59,0,-
BRDA:311,59,1,-
DA:312,0
DA:314,0
BRDA:314,60,0,-
BRDA:314,60,1,-
DA:315,0
DA:317,0
BRDA:317,61,0,-
BRDA:317,61,1,-
DA:318,0
DA:320,0
BRDA:320,62,0,-
BRDA:320,62,1,-
DA:321,0
DA:323,0
BRDA:323,63,0,-
BRDA:323,63,1,-
DA:324,0
DA:335,0
DA:336,0
FN:344,PRBMath.mostSignificantBit
FNDA:0,PRBMath.mostSignificantBit
DA:345,0
BRDA:345,64,0,-
BRDA:345,64,1,-
DA:346,0
DA:347,0
DA:349,0
BRDA:349,65,0,-
BRDA:349,65,1,-
DA:350,0
DA:351,0
DA:353,0
BRDA:353,66,0,-
BRDA:353,66,1,-
DA:354,0
DA:355,0
DA:357,0
BRDA:357,67,0,-
BRDA:357,67,1,-
DA:358,0
DA:359,0
DA:361,0
BRDA:361,68,0,-
BRDA:361,68,1,-
DA:362,0
DA:363,0
DA:365,0
BRDA:365,69,0,-
BRDA:365,69,1,-
DA:366,0
DA:367,0
DA:369,0
BRDA:369,70,0,-
BRDA:369,70,1,-
DA:370,0
DA:371,0
DA:373,0
BRDA:373,71,0,-
BRDA:373,71,1,-
DA:375,0
FN:394,PRBMath.mulDiv
FNDA:9764,PRBMath.mulDiv
DA:402,9764
DA:403,9764
DA:406,9764
DA:407,9764
DA:411,9764
BRDA:411,72,0,-
BRDA:411,72,1,9764
DA:413,9764
DA:415,9764
DA:419,0
BRDA:419,73,0,-
BRDA:419,73,1,-
DA:420,0
DA:428,0
DA:431,0
DA:434,0
DA:435,0
DA:442,0
DA:445,0
DA:448,0
DA:451,0
DA:455,0
DA:460,0
DA:464,0
DA:465,0
DA:466,0
DA:467,0
DA:468,0
DA:469,0
DA:475,0
DA:476,0
FN:498,PRBMath.mulDivFixedPoint
FNDA:0,PRBMath.mulDivFixedPoint
DA:499,0
DA:500,0
DA:503,0
DA:504,0
DA:507,0
BRDA:507,74,0,-
BRDA:507,74,1,-
DA:508,0
DA:511,0
DA:512,0
DA:514,0
DA:515,0
DA:518,0
BRDA:518,75,0,-
BRDA:518,75,1,-
DA:520,0
DA:521,0
DA:526,0
FN:551,PRBMath.mulDivSigned
FNDA:0,PRBMath.mulDivSigned
DA:556,0
BRDA:556,76,0,-
BRDA:556,76,1,-
DA:557,0
DA:561,0
DA:562,0
DA:563,0
DA:565,0
DA:566,0
DA:567,0
DA:571,0
DA:572,0
BRDA:572,77,0,-
BRDA:572,77,1,-
DA:573,0
DA:577,0
DA:578,0
DA:579,0
DA:581,0
DA:582,0
DA:583,0
DA:588,0
FN:599,PRBMath.sqrt
FNDA:0,PRBMath.sqrt
DA:600,0
BRDA:600,78,0,-
BRDA:600,78,1,-
DA:601,0
DA:605,0
DA:606,0
DA:607,0
BRDA:607,79,0,-
BRDA:607,79,1,-
DA:608,0
DA:609,0
DA:611,0
BRDA:611,80,0,-
BRDA:611,80,1,-
DA:612,0
DA:613,0
DA:615,0
BRDA:615,81,0,-
BRDA:615,81,1,-
DA:616,0
DA:617,0
DA:619,0
BRDA:619,82,0,-
BRDA:619,82,1,-
DA:620,0
DA:621,0
DA:623,0
BRDA:623,83,0,-
BRDA:623,83,1,-
DA:624,0
DA:625,0
DA:627,0
BRDA:627,84,0,-
BRDA:627,84,1,-
DA:628,0
DA:629,0
DA:631,0
BRDA:631,85,0,-
BRDA:631,85,1,-
DA:632,0
DA:637,0
DA:638,0
DA:639,0
DA:640,0
DA:641,0
DA:642,0
DA:643,0
DA:644,0
DA:645,0
FNF:6
FNH:1
LF:246
LH:7
BRF:172
BRH:1
end_of_record
